un 19 16:03:28 raspberrypi smartcam-status[75072]: [2025-06-19 16:03:28] INFO: System status updated for user 65aa2e2a-e463-424d-b88f-0724bb0bea3a
Jun 19 16:03:35 raspberrypi smartcam[75070]: 2025-06-19 16:03:35,396 - INFO - HTTP Request: POST https://iszmsaayxpdrovealrrp.supabase.co/rest/v1/cameras "HTTP/1.1 200 OK"
Jun 19 16:03:35 raspberrypi smartcam-status[75072]: [2025-06-19 16:03:35] INFO: HTTP Request: GET https://iszmsaayxpdrovealrrp.supabase.co/rest/v1/system_status?select=%2A&user_id=eq.65aa2e2a-e463-424d-b88f-0724bb0bea3a "HTTP/1.1 200 OK"
Jun 19 16:03:35 raspberrypi smartcam-status[75072]: [2025-06-19 16:03:35] INFO: HTTP Request: PATCH https://iszmsaayxpdrovealrrp.supabase.co/rest/v1/system_status?user_id=eq.65aa2e2a-e463-424d-b88f-0724bb0bea3a "HTTP/1.1 200 OK"
Jun 19 16:03:35 raspberrypi smartcam-status[75072]: [2025-06-19 16:03:35] INFO: System status updated for user 65aa2e2a-e463-424d-b88f-0724bb0bea3a
Jun 19 16:03:40 raspberrypi smartcam[75070]: 2025-06-19 16:03:40,139 - INFO - HTTP Request: PATCH https://iszmsaayxpdrovealrrp.supabase.co/rest/v1/system_status?user_id=eq.65aa2e2a-e463-424d-b88f-0724bb0bea3a "HTTP/1.1 200 OK"
Jun 19 16:03:40 raspberrypi smartcam[75070]: [Heartbeat] Sent successfully
Jun 19 16:03:43 raspberrypi smartcam-status[75072]: [2025-06-19 16:03:43] INFO: HTTP Request: GET https://iszmsaayxpdrovealrrp.supabase.co/rest/v1/system_status?select=%2A&user_id=eq.65aa2e2a-e463-424d-b88f-0724bb0bea3a "HTTP/1.1 200 OK"
Jun 19 16:03:43 raspberrypi smartcam-status[75072]: [2025-06-19 16:03:43] INFO: HTTP Request: PATCH https://iszmsaayxpdrovealrrp.supabase.co/rest/v1/system_status?user_id=eq.65aa2e2a-e463-424d-b88f-0724bb0bea3a "HTTP/1.1 200 OK"
Jun 19 16:03:43 raspberrypi smartcam-status[75072]: [2025-06-19 16:03:43] INFO: System status updated for user 65aa2e2a-e463-424d-b88f-0724bb0bea3a
Jun 19 16:03:50 raspberrypi smartcam-manager[75071]: [2025-06-19 16:03:50] INFO: HTTP Request: GET https://iszmsaayxpdrovealrrp.supabase.co/rest/v1/cameras?select=%2A "HTTP/1.1 200 OK"
Jun 19 16:03:50 raspberrypi smartcam-manager[75071]: [DEBUG] Attempting to initialize Picamera2...
Jun 19 16:03:50 raspberrypi smartcam-manager[75071]: [2025-06-19 16:03:50] INFO: Initialization successful.
Jun 19 16:03:50 raspberrypi smartcam-manager[75071]: [1:51:56.122920252] [75071]  INFO Camera camera.cpp:1011 Pipeline handler in use by another process
Jun 19 16:03:50 raspberrypi smartcam-manager[75071]: [2025-06-19 16:03:50] ERROR: Camera __init__ sequence did not complete.
Jun 19 16:03:50 raspberrypi smartcam-manager[75071]: [CameraInterface] Picamera2 not available or failed: Camera __init__ sequence did not complete.
Jun 19 16:03:50 raspberrypi smartcam-manager[75071]: Traceback (most recent call last):
Jun 19 16:03:50 raspberrypi smartcam-manager[75071]:   File "/usr/lib/python3/dist-packages/picamera2/picamera2.py", line 293, in __init__
Jun 19 16:03:50 raspberrypi smartcam-manager[75071]:     self._open_camera()
Jun 19 16:03:50 raspberrypi smartcam-manager[75071]:   File "/usr/lib/python3/dist-packages/picamera2/picamera2.py", line 505, in _open_camera
Jun 19 16:03:50 raspberrypi smartcam-manager[75071]:     self.camera.acquire()
Jun 19 16:03:50 raspberrypi smartcam-manager[75071]: RuntimeError: Failed to acquire camera: Device or resource busy
Jun 19 16:03:50 raspberrypi smartcam-manager[75071]: During handling of the above exception, another exception occurred:
Jun 19 16:03:50 raspberrypi smartcam-manager[75071]: Traceback (most recent call last):
Jun 19 16:03:50 raspberrypi smartcam-manager[75071]:   File "/home/michomanoly14892/code/SmartCam-Soccer/backend/src/camera_interface.py", line 38, in _detect_camera
Jun 19 16:03:50 raspberrypi smartcam-manager[75071]:     self.picam = Picamera2()
Jun 19 16:03:50 raspberrypi smartcam-manager[75071]:                  ^^^^^^^^^^^
Jun 19 16:03:50 raspberrypi smartcam-manager[75071]:   File "/usr/lib/python3/dist-packages/picamera2/picamera2.py", line 305, in __init__
Jun 19 16:03:50 raspberrypi smartcam-manager[75071]:     raise RuntimeError("Camera __init__ sequence did not complete.")
Jun 19 16:03:50 raspberrypi smartcam-manager[75071]: RuntimeError: Camera __init__ sequence did not complete.
Jun 19 16:03:50 raspberrypi smartcam-manager[75071]: [ WARN:0@31.353] global cap_v4l.cpp:982 open VIDEOIO(V4L2:/dev/video1): can't open camera by index
Jun 19 16:03:50 raspberrypi smartcam-manager[75071]: [ WARN:0@31.354] global obsensor_stream_channel_v4l2.cpp:82 xioctl ioctl: fd=36, req=-2140645888
Jun 19 16:03:50 raspberrypi smartcam-manager[75071]: [ WARN:0@31.354] global obsensor_stream_channel_v4l2.cpp:138 queryUvcDeviceInfoList ioctl error return: 25
Jun 19 16:03:50 raspberrypi smartcam-manager[75071]: [ WARN:0@31.354] global obsensor_stream_channel_v4l2.cpp:82 xioctl ioctl: fd=36, req=-2140645888
Jun 19 16:03:50 raspberrypi smartcam-manager[75071]: [ WARN:0@31.354] global obsensor_stream_channel_v4l2.cpp:138 queryUvcDeviceInfoList ioctl error return: 25
Jun 19 16:03:50 raspberrypi smartcam-manager[75071]: [ WARN:0@31.354] global obsensor_stream_channel_v4l2.cpp:82 xioctl ioctl: fd=36, req=-2140645888
Jun 19 16:03:50 raspberrypi smartcam-manager[75071]: [ WARN:0@31.354] global obsensor_stream_channel_v4l2.cpp:138 queryUvcDeviceInfoList ioctl error return: 25
Jun 19 16:03:50 raspberrypi smartcam-manager[75071]: [ERROR:0@31.355] global obsensor_uvc_stream_channel.cpp:156 getStreamChannelGroup Camera index out of range
Jun 19 16:03:50 raspberrypi smartcam-manager[75071]: [ WARN:0@31.358] global cap_v4l.cpp:982 open VIDEOIO(V4L2:/dev/video4): can't open camera by index
Jun 19 16:03:50 raspberrypi smartcam-manager[75071]: [ WARN:0@31.358] global obsensor_stream_channel_v4l2.cpp:82 xioctl ioctl: fd=36, req=-2140645888
Jun 19 16:03:50 raspberrypi smartcam-manager[75071]: [ WARN:0@31.358] global obsensor_stream_channel_v4l2.cpp:138 queryUvcDeviceInfoList ioctl error return: 25
Jun 19 16:03:50 raspberrypi smartcam-manager[75071]: [ WARN:0@31.358] global obsensor_stream_channel_v4l2.cpp:82 xioctl ioctl: fd=36, req=-2140645888
Jun 19 16:03:50 raspberrypi smartcam-manager[75071]: [ WARN:0@31.358] global obsensor_stream_channel_v4l2.cpp:138 queryUvcDeviceInfoList ioctl error return: 25
Jun 19 16:03:50 raspberrypi smartcam-manager[75071]: [ WARN:0@31.358] global obsensor_stream_channel_v4l2.cpp:82 xioctl ioctl: fd=36, req=-2140645888
Jun 19 16:03:50 raspberrypi smartcam-manager[75071]: [ WARN:0@31.358] global obsensor_stream_channel_v4l2.cpp:138 queryUvcDeviceInfoList ioctl error return: 25
Jun 19 16:03:50 raspberrypi smartcam-manager[75071]: [ERROR:0@31.359] global obsensor_uvc_stream_channel.cpp:156 getStreamChannelGroup Camera index out of range
Jun 19 16:03:50 raspberrypi smartcam-manager[75071]: [ WARN:0@31.360] global cap_v4l.cpp:982 open VIDEOIO(V4L2:/dev/video6): can't open camera by index
Jun 19 16:03:50 raspberrypi smartcam-manager[75071]: [ WARN:0@31.360] global obsensor_stream_channel_v4l2.cpp:82 xioctl ioctl: fd=36, req=-2140645888
Jun 19 16:03:50 raspberrypi smartcam-manager[75071]: [ WARN:0@31.360] global obsensor_stream_channel_v4l2.cpp:138 queryUvcDeviceInfoList ioctl error return: 25
Jun 19 16:03:50 raspberrypi smartcam-manager[75071]: [ WARN:0@31.360] global obsensor_stream_channel_v4l2.cpp:82 xioctl ioctl: fd=36, req=-2140645888
Jun 19 16:03:50 raspberrypi smartcam-manager[75071]: [ WARN:0@31.360] global obsensor_stream_channel_v4l2.cpp:138 queryUvcDeviceInfoList ioctl error return: 25
Jun 19 16:03:50 raspberrypi smartcam-manager[75071]: [ WARN:0@31.360] global obsensor_stream_channel_v4l2.cpp:82 xioctl ioctl: fd=36, req=-2140645888
Jun 19 16:03:50 raspberrypi smartcam-manager[75071]: [ WARN:0@31.360] global obsensor_stream_channel_v4l2.cpp:138 queryUvcDeviceInfoList ioctl error return: 25
Jun 19 16:03:50 raspberrypi smartcam-manager[75071]: [ERROR:0@31.361] global obsensor_uvc_stream_channel.cpp:156 getStreamChannelGroup Camera index out of range
Jun 19 16:03:50 raspberrypi smartcam-manager[75071]: [ WARN:0@31.361] global cap_v4l.cpp:982 open VIDEOIO(V4L2:/dev/video7): can't open camera by index
Jun 19 16:03:50 raspberrypi smartcam-manager[75071]: [ WARN:0@31.361] global obsensor_stream_channel_v4l2.cpp:82 xioctl ioctl: fd=36, req=-2140645888
Jun 19 16:03:50 raspberrypi smartcam-manager[75071]: [ WARN:0@31.361] global obsensor_stream_channel_v4l2.cpp:138 queryUvcDeviceInfoList ioctl error return: 25
Jun 19 16:03:50 raspberrypi smartcam-manager[75071]: [ WARN:0@31.361] global obsensor_stream_channel_v4l2.cpp:82 xioctl ioctl: fd=36, req=-2140645888
Jun 19 16:03:50 raspberrypi smartcam-manager[75071]: [ WARN:0@31.361] global obsensor_stream_channel_v4l2.cpp:138 queryUvcDeviceInfoList ioctl error return: 25
Jun 19 16:03:50 raspberrypi smartcam-manager[75071]: [ WARN:0@31.361] global obsensor_stream_channel_v4l2.cpp:82 xioctl ioctl: fd=36, req=-2140645888
Jun 19 16:03:50 raspberrypi smartcam-manager[75071]: [ WARN:0@31.361] global obsensor_stream_channel_v4l2.cpp:138 queryUvcDeviceInfoList ioctl error return: 25
Jun 19 16:03:50 raspberrypi smartcam-manager[75071]: [ERROR:0@31.362] global obsensor_uvc_stream_channel.cpp:156 getStreamChannelGroup Camera index out of range
Jun 19 16:03:50 raspberrypi smartcam-manager[75071]: [2025-06-19 16:03:50] ERROR: Error checking camera status: No working camera found (neither Pi Camera nor USB camera)
Jun 19 16:03:50 raspberrypi smartcam-manager[75071]: [2025-06-19 16:03:50] INFO: HTTP Request: PATCH https://iszmsaayxpdrovealrrp.supabase.co/rest/v1/cameras?id=eq.4145cb23-5d3e-4210-958f-a2ed5dbcaabd "HTTP/1.1 200 OK"
Jun 19 16:03:50 raspberrypi smartcam-manager[75071]: [2025-06-19 16:03:50] INFO: Updated status for camera 4145cb23-5d3e-4210-958f-a2ed5dbcaabd: offline
Jun 19 16:03:50 raspberrypi smartcam-manager[75071]: [DEBUG] Attempting to initialize Picamera2...
Jun 19 16:03:50 raspberrypi smartcam-manager[75071]: [2025-06-19 16:03:50] INFO: Initialization successful.
Jun 19 16:03:50 raspberrypi smartcam-manager[75071]: [1:51:56.239287392] [75071]  INFO Camera camera.cpp:1011 Pipeline handler in use by another process
Jun 19 16:03:50 raspberrypi smartcam-manager[75071]: [2025-06-19 16:03:50] ERROR: Camera __init__ sequence did not complete.
Jun 19 16:03:50 raspberrypi smartcam-manager[75071]: [CameraInterface] Picamera2 not available or failed: Camera __init__ sequence did not complete.
Jun 19 16:03:50 raspberrypi smartcam-manager[75071]: Traceback (most recent call last):
Jun 19 16:03:50 raspberrypi smartcam-manager[75071]:   File "/usr/lib/python3/dist-packages/picamera2/picamera2.py", line 293, in __init__
Jun 19 16:03:50 raspberrypi smartcam-manager[75071]:     self._open_camera()
Jun 19 16:03:50 raspberrypi smartcam-manager[75071]:   File "/usr/lib/python3/dist-packages/picamera2/picamera2.py", line 505, in _open_camera
Jun 19 16:03:50 raspberrypi smartcam-manager[75071]:     self.camera.acquire()
Jun 19 16:03:50 raspberrypi smartcam-manager[75071]: RuntimeError: Failed to acquire camera: Device or resource busy
Jun 19 16:03:50 raspberrypi smartcam-manager[75071]: During handling of the above exception, another exception occurred:
Jun 19 16:03:50 raspberrypi smartcam-manager[75071]: Traceback (most recent call last):
Jun 19 16:03:50 raspberrypi smartcam-manager[75071]:   File "/home/michomanoly14892/code/SmartCam-Soccer/backend/src/camera_interface.py", line 38, in _detect_camera
Jun 19 16:03:50 raspberrypi smartcam-manager[75071]:     self.picam = Picamera2()
Jun 19 16:03:50 raspberrypi smartcam-manager[75071]:                  ^^^^^^^^^^^
Jun 19 16:03:50 raspberrypi smartcam-manager[75071]:   File "/usr/lib/python3/dist-packages/picamera2/picamera2.py", line 305, in __init__
Jun 19 16:03:50 raspberrypi smartcam-manager[75071]:     raise RuntimeError("Camera __init__ sequence did not complete.")
Jun 19 16:03:50 raspberrypi smartcam-manager[75071]: RuntimeError: Camera __init__ sequence did not complete.
Jun 19 16:03:50 raspberrypi smartcam-manager[75071]: [ WARN:0@31.470] global cap_v4l.cpp:982 open VIDEOIO(V4L2:/dev/video1): can't open camera by index
Jun 19 16:03:50 raspberrypi smartcam-manager[75071]: [ WARN:0@31.471] global obsensor_stream_channel_v4l2.cpp:82 xioctl ioctl: fd=38, req=-2140645888
Jun 19 16:03:50 raspberrypi smartcam-manager[75071]: [ WARN:0@31.471] global obsensor_stream_channel_v4l2.cpp:138 queryUvcDeviceInfoList ioctl error return: 25
Jun 19 16:03:50 raspberrypi smartcam-manager[75071]: [ WARN:0@31.471] global obsensor_stream_channel_v4l2.cpp:82 xioctl ioctl: fd=38, req=-2140645888
Jun 19 16:03:50 raspberrypi smartcam-manager[75071]: [ WARN:0@31.471] global obsensor_stream_channel_v4l2.cpp:138 queryUvcDeviceInfoList ioctl error return: 25
Jun 19 16:03:50 raspberrypi smartcam-manager[75071]: [ WARN:0@31.471] global obsensor_stream_channel_v4l2.cpp:82 xioctl ioctl: fd=38, req=-2140645888
Jun 19 16:03:50 raspberrypi smartcam-manager[75071]: [ WARN:0@31.471] global obsensor_stream_channel_v4l2.cpp:138 queryUvcDeviceInfoList ioctl error return: 25
Jun 19 16:03:50 raspberrypi smartcam-manager[75071]: [ERROR:0@31.473] global obsensor_uvc_stream_channel.cpp:156 getStreamChannelGroup Camera index out of range
Jun 19 16:03:50 raspberrypi smartcam-manager[75071]: [ WARN:0@31.476] global cap_v4l.cpp:982 open VIDEOIO(V4L2:/dev/video4): can't open camera by index
Jun 19 16:03:50 raspberrypi smartcam-manager[75071]: [ WARN:0@31.476] global obsensor_stream_channel_v4l2.cpp:82 xioctl ioctl: fd=38, req=-2140645888
Jun 19 16:03:50 raspberrypi smartcam-manager[75071]: [ WARN:0@31.476] global obsensor_stream_channel_v4l2.cpp:138 queryUvcDeviceInfoList ioctl error return: 25
Jun 19 16:03:50 raspberrypi smartcam-manager[75071]: [ WARN:0@31.476] global obsensor_stream_channel_v4l2.cpp:82 xioctl ioctl: fd=38, req=-2140645888
Jun 19 16:03:50 raspberrypi smartcam-manager[75071]: [ WARN:0@31.476] global obsensor_stream_channel_v4l2.cpp:138 queryUvcDeviceInfoList ioctl error return: 25
Jun 19 16:03:50 raspberrypi smartcam-manager[75071]: [ WARN:0@31.476] global obsensor_stream_channel_v4l2.cpp:82 xioctl ioctl: fd=38, req=-2140645888
Jun 19 16:03:50 raspberrypi smartcam-manager[75071]: [ WARN:0@31.476] global obsensor_stream_channel_v4l2.cpp:138 queryUvcDeviceInfoList ioctl error return: 25
Jun 19 16:03:50 raspberrypi smartcam-manager[75071]: [ERROR:0@31.477] global obsensor_uvc_stream_channel.cpp:156 getStreamChannelGroup Camera index out of range
Jun 19 16:03:50 raspberrypi smartcam-manager[75071]: [ WARN:0@31.478] global cap_v4l.cpp:982 open VIDEOIO(V4L2:/dev/video6): can't open camera by index
Jun 19 16:03:50 raspberrypi smartcam-manager[75071]: [ WARN:0@31.478] global obsensor_stream_channel_v4l2.cpp:82 xioctl ioctl: fd=38, req=-2140645888
Jun 19 16:03:50 raspberrypi smartcam-manager[75071]: [ WARN:0@31.478] global obsensor_stream_channel_v4l2.cpp:138 queryUvcDeviceInfoList ioctl error return: 25
Jun 19 16:03:50 raspberrypi smartcam-manager[75071]: [ WARN:0@31.479] global obsensor_stream_channel_v4l2.cpp:82 xioctl ioctl: fd=38, req=-2140645888
Jun 19 16:03:50 raspberrypi smartcam-manager[75071]: [ WARN:0@31.479] global obsensor_stream_channel_v4l2.cpp:138 queryUvcDeviceInfoList ioctl error return: 25
Jun 19 16:03:50 raspberrypi smartcam-manager[75071]: [ WARN:0@31.479] global obsensor_stream_channel_v4l2.cpp:82 xioctl ioctl: fd=38, req=-2140645888
Jun 19 16:03:50 raspberrypi smartcam-manager[75071]: [ WARN:0@31.479] global obsensor_stream_channel_v4l2.cpp:138 queryUvcDeviceInfoList ioctl error return: 25
Jun 19 16:03:50 raspberrypi smartcam-manager[75071]: [ERROR:0@31.479] global obsensor_uvc_stream_channel.cpp:156 getStreamChannelGroup Camera index out of range
Jun 19 16:03:50 raspberrypi smartcam-manager[75071]: [ WARN:0@31.479] global cap_v4l.cpp:982 open VIDEOIO(V4L2:/dev/video7): can't open camera by index
Jun 19 16:03:50 raspberrypi smartcam-manager[75071]: [ WARN:0@31.480] global obsensor_stream_channel_v4l2.cpp:82 xioctl ioctl: fd=38, req=-2140645888
Jun 19 16:03:50 raspberrypi smartcam-manager[75071]: [ WARN:0@31.480] global obsensor_stream_channel_v4l2.cpp:138 queryUvcDeviceInfoList ioctl error return: 25
Jun 19 16:03:50 raspberrypi smartcam-manager[75071]: [ WARN:0@31.480] global obsensor_stream_channel_v4l2.cpp:82 xioctl ioctl: fd=38, req=-2140645888
Jun 19 16:03:50 raspberrypi smartcam-manager[75071]: [ WARN:0@31.480] global obsensor_stream_channel_v4l2.cpp:138 queryUvcDeviceInfoList ioctl error return: 25
Jun 19 16:03:50 raspberrypi smartcam-manager[75071]: [ WARN:0@31.480] global obsensor_stream_channel_v4l2.cpp:82 xioctl ioctl: fd=38, req=-2140645888
Jun 19 16:03:50 raspberrypi smartcam-manager[75071]: [ WARN:0@31.480] global obsensor_stream_channel_v4l2.cpp:138 queryUvcDeviceInfoList ioctl error return: 25
Jun 19 16:03:50 raspberrypi smartcam-manager[75071]: [ERROR:0@31.481] global obsensor_uvc_stream_channel.cpp:156 getStreamChannelGroup Camera index out of range
Jun 19 16:03:50 raspberrypi smartcam-manager[75071]: [2025-06-19 16:03:50] ERROR: Error checking camera status: No working camera found (neither Pi Camera nor USB camera)
Jun 19 16:03:50 raspberrypi smartcam[75070]: 2025-06-19 16:03:50,407 - INFO - HTTP Request: POST https://iszmsaayxpdrovealrrp.supabase.co/rest/v1/cameras "HTTP/1.1 200 OK"
Jun 19 16:03:50 raspberrypi smartcam-status[75072]: [2025-06-19 16:03:50] INFO: HTTP Request: GET https://iszmsaayxpdrovealrrp.supabase.co/rest/v1/system_status?select=%2A&user_id=eq.65aa2e2a-e463-424d-b88f-0724bb0bea3a "HTTP/1.1 200 OK"
Jun 19 16:03:50 raspberrypi smartcam-manager[75071]: [2025-06-19 16:03:50] INFO: HTTP Request: PATCH https://iszmsaayxpdrovealrrp.supabase.co/rest/v1/cameras?id=eq.b5b0eb67-d1c6-4634-b2e6-4412c57ef49f "HTTP/1.1 200 OK"
Jun 19 16:03:50 raspberrypi smartcam-manager[75071]: [2025-06-19 16:03:50] INFO: Updated status for camera b5b0eb67-d1c6-4634-b2e6-4412c57ef49f: offline
Jun 19 16:03:50 raspberrypi smartcam-status[75072]: [2025-06-19 16:03:50] INFO: HTTP Request: PATCH https://iszmsaayxpdrovealrrp.supabase.co/rest/v1/system_status?user_id=eq.65aa2e2a-e463-424d-b88f-0724bb0bea3a "HTTP/1.1 200 OK"
Jun 19 16:03:50 raspberrypi smartcam-status[75072]: [2025-06-19 16:03:50] INFO: System status updated for user 65aa2e2a-e463-424d-b88f-0724bb0bea3a
Jun 19 16:03:57 raspberrypi smartcam-status[75072]: [2025-06-19 16:03:57] INFO: HTTP Request: GET https://iszmsaayxpdrovealrrp.supabase.co/rest/v1/system_status?select=%2A&user_id=eq.65aa2e2a-e463-424d-b88f-0724bb0bea3a "HTTP/1.1 200 OK"
Jun 19 16:03:57 raspberrypi smartcam-status[75072]: [2025-06-19 16:03:57] INFO: HTTP Request: PATCH https://iszmsaayxpdrovealrrp.supabase.co/rest/v1/system_status?user_id=eq.65aa2e2a-e463-424d-b88f-0724bb0bea3a "HTTP/1.1 200 OK"
Jun 19 16:03:57 raspberrypi smartcam-status[75072]: [2025-06-19 16:03:57] INFO: System status updated for user 65aa2e2a-e463-424d-b88f-0724bb0bea3a
Jun 19 16:04:00 raspberrypi smartcam[75070]: 2025-06-19 16:04:00,367 - INFO - HTTP Request: PATCH https://iszmsaayxpdrovealrrp.supabase.co/rest/v1/system_status?user_id=eq.65aa2e2a-e463-424d-b88f-0724bb0bea3a "HTTP/1.1 200 OK"
Jun 19 16:04:00 raspberrypi smartcam[75070]: [Heartbeat] Sent successfully
Jun 19 16:04:05 raspberrypi smartcam-status[75072]: [2025-06-19 16:04:05] INFO: HTTP Request: GET https://iszmsaayxpdrovealrrp.supabase.co/rest/v1/system_status?select=%2A&user_id=eq.65aa2e2a-e463-424d-b88f-0724bb0bea3a "HTTP/1.1 200 OK"
Jun 19 16:04:05 raspberrypi smartcam-status[75072]: [2025-06-19 16:04:05] INFO: HTTP Request: PATCH https://iszmsaayxpdrovealrrp.supabase.co/rest/v1/system_status?user_id=eq.65aa2e2a-e463-424d-b88f-0724bb0bea3a "HTTP/1.1 200 OK"
Jun 19 16:04:05 raspberrypi smartcam-status[75072]: [2025-06-19 16:04:05] INFO: System status updated for user 65aa2e2a-e463-424d-b88f-0724bb0bea3a
Jun 19 16:04:05 raspberrypi smartcam[75070]: 2025-06-19 16:04:05,424 - INFO - HTTP Request: POST https://iszmsaayxpdrovealrrp.supabase.co/rest/v1/cameras "HTTP/1.1 200 OK"
Jun 19 16:04:12 raspberrypi smartcam-status[75072]: [2025-06-19 16:04:12] INFO: HTTP Request: GET https://iszmsaayxpdrovealrrp.supabase.co/rest/v1/system_status?select=%2A&user_id=eq.65aa2e2a-e463-424d-b88f-0724bb0bea3a "HTTP/1.1 200 OK"
Jun 19 16:04:12 raspberrypi smartcam-status[75072]: [2025-06-19 16:04:12] INFO: HTTP Request: PATCH https://iszmsaayxpdrovealrrp.supabase.co/rest/v1/system_status?user_id=eq.65aa2e2a-e463-424d-b88f-0724bb0bea3a "HTTP/1.1 200 OK"
Jun 19 16:04:12 raspberrypi smartcam-status[75072]: [2025-06-19 16:04:12] INFO: System status updated for user 65aa2e2a-e463-424d-b88f-0724bb0bea3a
Jun 19 16:04:20 raspberrypi smartcam-status[75072]: [2025-06-19 16:04:20] INFO: HTTP Request: GET https://iszmsaayxpdrovealrrp.supabase.co/rest/v1/system_status?select=%2A&user_id=eq.65aa2e2a-e463-424d-b88f-0724bb0bea3a "HTTP/1.1 200 OK"
Jun 19 16:04:20 raspberrypi smartcam-status[75072]: [2025-06-19 16:04:20] INFO: HTTP Request: PATCH https://iszmsaayxpdrovealrrp.supabase.co/rest/v1/system_status?user_id=eq.65aa2e2a-e463-424d-b88f-0724bb0bea3a "HTTP/1.1 200 OK"
Jun 19 16:04:20 raspberrypi smartcam-status[75072]: [2025-06-19 16:04:20] INFO: System status updated for user 65aa2e2a-e463-424d-b88f-0724bb0bea3a
Jun 19 16:04:20 raspberrypi smartcam[75070]: 2025-06-19 16:04:20,308 - INFO - HTTP Request: GET https://iszmsaayxpdrovealrrp.supabase.co/rest/v1/bookings?select=%2A&user_id=eq.65aa2e2a-e463-424d-b88f-0724bb0bea3a&date=eq.2025-06-19&end_time=gte.16%3A04&order=start_time "HTTP/1.1 200 OK"
Jun 19 16:04:20 raspberrypi smartcam[75070]: 2025-06-19 16:04:20,428 - INFO - HTTP Request: GET https://iszmsaayxpdrovealrrp.supabase.co/rest/v1/bookings?select=%2A&user_id=eq.65aa2e2a-e463-424d-b88f-0724bb0bea3a&date=gt.2025-06-19&order=date&order=start_time "HTTP/1.1 200 OK"
Jun 19 16:04:20 raspberrypi smartcam[75070]: 2025-06-19 16:04:20,566 - INFO - HTTP Request: POST https://iszmsaayxpdrovealrrp.supabase.co/rest/v1/cameras "HTTP/1.1 200 OK"
Jun 19 16:04:20 raspberrypi smartcam[75070]: 2025-06-19 16:04:20,614 - INFO - HTTP Request: PATCH https://iszmsaayxpdrovealrrp.supabase.co/rest/v1/system_status?user_id=eq.65aa2e2a-e463-424d-b88f-0724bb0bea3a "HTTP/1.1 200 OK"
Jun 19 16:04:20 raspberrypi smartcam[75070]: [Heartbeat] Sent successfully
Jun 19 16:04:20 raspberrypi smartcam-manager[75071]: [2025-06-19 16:04:20] INFO: HTTP Request: GET https://iszmsaayxpdrovealrrp.supabase.co/rest/v1/cameras?select=%2A "HTTP/1.1 200 OK"
Jun 19 16:04:20 raspberrypi smartcam-manager[75071]: [DEBUG] Attempting to initialize Picamera2...
Jun 19 16:04:20 raspberrypi smartcam-manager[75071]: [2025-06-19 16:04:20] INFO: Initialization successful.
Jun 19 16:04:20 raspberrypi smartcam-manager[75071]: [1:52:26.606136242] [75071]  INFO Camera camera.cpp:1011 Pipeline handler in use by another process
Jun 19 16:04:20 raspberrypi smartcam-manager[75071]: [2025-06-19 16:04:20] ERROR: Camera __init__ sequence did not complete.
Jun 19 16:04:20 raspberrypi smartcam-manager[75071]: [CameraInterface] Picamera2 not available or failed: Camera __init__ sequence did not complete.
Jun 19 16:04:20 raspberrypi smartcam-manager[75071]: Traceback (most recent call last):
Jun 19 16:04:20 raspberrypi smartcam-manager[75071]:   File "/usr/lib/python3/dist-packages/picamera2/picamera2.py", line 293, in __init__
Jun 19 16:04:20 raspberrypi smartcam-manager[75071]:     self._open_camera()
Jun 19 16:04:20 raspberrypi smartcam-manager[75071]:   File "/usr/lib/python3/dist-packages/picamera2/picamera2.py", line 505, in _open_camera
Jun 19 16:04:20 raspberrypi smartcam-manager[75071]:     self.camera.acquire()
Jun 19 16:04:20 raspberrypi smartcam-manager[75071]: RuntimeError: Failed to acquire camera: Device or resource busy
Jun 19 16:04:20 raspberrypi smartcam-manager[75071]: During handling of the above exception, another exception occurred:
Jun 19 16:04:20 raspberrypi smartcam-manager[75071]: Traceback (most recent call last):
Jun 19 16:04:20 raspberrypi smartcam-manager[75071]:   File "/home/michomanoly14892/code/SmartCam-Soccer/backend/src/camera_interface.py", line 38, in _detect_camera
Jun 19 16:04:20 raspberrypi smartcam-manager[75071]:     self.picam = Picamera2()
Jun 19 16:04:20 raspberrypi smartcam-manager[75071]:                  ^^^^^^^^^^^
Jun 19 16:04:20 raspberrypi smartcam-manager[75071]:   File "/usr/lib/python3/dist-packages/picamera2/picamera2.py", line 305, in __init__
Jun 19 16:04:20 raspberrypi smartcam-manager[75071]:     raise RuntimeError("Camera __init__ sequence did not complete.")
Jun 19 16:04:20 raspberrypi smartcam-manager[75071]: RuntimeError: Camera __init__ sequence did not complete.
Jun 19 16:04:20 raspberrypi smartcam-manager[75071]: [ WARN:0@61.837] global cap_v4l.cpp:982 open VIDEOIO(V4L2:/dev/video1): can't open camera by index
Jun 19 16:04:20 raspberrypi smartcam-manager[75071]: [ WARN:0@61.837] global obsensor_stream_channel_v4l2.cpp:82 xioctl ioctl: fd=38, req=-2140645888
Jun 19 16:04:20 raspberrypi smartcam-manager[75071]: [ WARN:0@61.837] global obsensor_stream_channel_v4l2.cpp:138 queryUvcDeviceInfoList ioctl error return: 25
Jun 19 16:04:20 raspberrypi smartcam-manager[75071]: [ WARN:0@61.837] global obsensor_stream_channel_v4l2.cpp:82 xioctl ioctl: fd=38, req=-2140645888
Jun 19 16:04:20 raspberrypi smartcam-manager[75071]: [ WARN:0@61.837] global obsensor_stream_channel_v4l2.cpp:138 queryUvcDeviceInfoList ioctl error return: 25
Jun 19 16:04:20 raspberrypi smartcam-manager[75071]: [ WARN:0@61.837] global obsensor_stream_channel_v4l2.cpp:82 xioctl ioctl: fd=38, req=-2140645888
Jun 19 16:04:20 raspberrypi smartcam-manager[75071]: [ WARN:0@61.837] global obsensor_stream_channel_v4l2.cpp:138 queryUvcDeviceInfoList ioctl error return: 25
Jun 19 16:04:20 raspberrypi smartcam-manager[75071]: [ERROR:0@61.838] global obsensor_uvc_stream_channel.cpp:156 getStreamChannelGroup Camera index out of range
Jun 19 16:04:20 raspberrypi smartcam-manager[75071]: [ WARN:0@61.841] global cap_v4l.cpp:982 open VIDEOIO(V4L2:/dev/video4): can't open camera by index
Jun 19 16:04:20 raspberrypi smartcam-manager[75071]: [ WARN:0@61.841] global obsensor_stream_channel_v4l2.cpp:82 xioctl ioctl: fd=38, req=-2140645888
Jun 19 16:04:20 raspberrypi smartcam-manager[75071]: [ WARN:0@61.841] global obsensor_stream_channel_v4l2.cpp:138 queryUvcDeviceInfoList ioctl error return: 25
Jun 19 16:04:20 raspberrypi smartcam-manager[75071]: [ WARN:0@61.842] global obsensor_stream_channel_v4l2.cpp:82 xioctl ioctl: fd=38, req=-2140645888
Jun 19 16:04:20 raspberrypi smartcam-manager[75071]: [ WARN:0@61.842] global obsensor_stream_channel_v4l2.cpp:138 queryUvcDeviceInfoList ioctl error return: 25
Jun 19 16:04:20 raspberrypi smartcam-manager[75071]: [ WARN:0@61.842] global obsensor_stream_channel_v4l2.cpp:82 xioctl ioctl: fd=38, req=-2140645888
Jun 19 16:04:20 raspberrypi smartcam-manager[75071]: [ WARN:0@61.842] global obsensor_stream_channel_v4l2.cpp:138 queryUvcDeviceInfoList ioctl error return: 25
Jun 19 16:04:20 raspberrypi smartcam-manager[75071]: [ERROR:0@61.842] global obsensor_uvc_stream_channel.cpp:156 getStreamChannelGroup Camera index out of range
Jun 19 16:04:20 raspberrypi smartcam-manager[75071]: [ WARN:0@61.844] global cap_v4l.cpp:982 open VIDEOIO(V4L2:/dev/video6): can't open camera by index
Jun 19 16:04:20 raspberrypi smartcam-manager[75071]: [ WARN:0@61.844] global obsensor_stream_channel_v4l2.cpp:82 xioctl ioctl: fd=38, req=-2140645888
Jun 19 16:04:20 raspberrypi smartcam-manager[75071]: [ WARN:0@61.844] global obsensor_stream_channel_v4l2.cpp:138 queryUvcDeviceInfoList ioctl error return: 25
Jun 19 16:04:20 raspberrypi smartcam-manager[75071]: [ WARN:0@61.844] global obsensor_stream_channel_v4l2.cpp:82 xioctl ioctl: fd=38, req=-2140645888
Jun 19 16:04:20 raspberrypi smartcam-manager[75071]: [ WARN:0@61.844] global obsensor_stream_channel_v4l2.cpp:138 queryUvcDeviceInfoList ioctl error return: 25
Jun 19 16:04:20 raspberrypi smartcam-manager[75071]: [ WARN:0@61.844] global obsensor_stream_channel_v4l2.cpp:82 xioctl ioctl: fd=38, req=-2140645888
Jun 19 16:04:20 raspberrypi smartcam-manager[75071]: [ WARN:0@61.844] global obsensor_stream_channel_v4l2.cpp:138 queryUvcDeviceInfoList ioctl error return: 25
Jun 19 16:04:20 raspberrypi smartcam-manager[75071]: [ERROR:0@61.845] global obsensor_uvc_stream_channel.cpp:156 getStreamChannelGroup Camera index out of range
Jun 19 16:04:20 raspberrypi smartcam-manager[75071]: [ WARN:0@61.845] global cap_v4l.cpp:982 open VIDEOIO(V4L2:/dev/video7): can't open camera by index
Jun 19 16:04:20 raspberrypi smartcam-manager[75071]: [ WARN:0@61.846] global obsensor_stream_channel_v4l2.cpp:82 xioctl ioctl: fd=38, req=-2140645888
Jun 19 16:04:20 raspberrypi smartcam-manager[75071]: [ WARN:0@61.846] global obsensor_stream_channel_v4l2.cpp:138 queryUvcDeviceInfoList ioctl error return: 25
Jun 19 16:04:20 raspberrypi smartcam-manager[75071]: [ WARN:0@61.846] global obsensor_stream_channel_v4l2.cpp:82 xioctl ioctl: fd=38, req=-2140645888
Jun 19 16:04:20 raspberrypi smartcam-manager[75071]: [ WARN:0@61.846] global obsensor_stream_channel_v4l2.cpp:138 queryUvcDeviceInfoList ioctl error return: 25
Jun 19 16:04:20 raspberrypi smartcam-manager[75071]: [ WARN:0@61.846] global obsensor_stream_channel_v4l2.cpp:82 xioctl ioctl: fd=38, req=-2140645888
Jun 19 16:04:20 raspberrypi smartcam-manager[75071]: [ WARN:0@61.846] global obsensor_stream_channel_v4l2.cpp:138 queryUvcDeviceInfoList ioctl error return: 25
Jun 19 16:04:20 raspberrypi smartcam-manager[75071]: [ERROR:0@61.847] global obsensor_uvc_stream_channel.cpp:156 getStreamChannelGroup Camera index out of range
Jun 19 16:04:20 raspberrypi smartcam-manager[75071]: [2025-06-19 16:04:20] ERROR: Error checking camera status: No working camera found (neither Pi Camera nor USB camera)
Jun 19 16:04:20 raspberrypi smartcam-manager[75071]: [2025-06-19 16:04:20] INFO: HTTP Request: PATCH https://iszmsaayxpdrovealrrp.supabase.co/rest/v1/cameras?id=eq.4145cb23-5d3e-4210-958f-a2ed5dbcaabd "HTTP/1.1 200 OK"
Jun 19 16:04:20 raspberrypi smartcam-manager[75071]: [2025-06-19 16:04:20] INFO: Updated status for camera 4145cb23-5d3e-4210-958f-a2ed5dbcaabd: offline
Jun 19 16:04:20 raspberrypi smartcam-manager[75071]: [DEBUG] Attempting to initialize Picamera2...
Jun 19 16:04:20 raspberrypi smartcam-manager[75071]: [2025-06-19 16:04:20] INFO: Initialization successful.
Jun 19 16:04:20 raspberrypi smartcam-manager[75071]: [1:52:26.715207493] [75071]  INFO Camera camera.cpp:1011 Pipeline handler in use by another process
Jun 19 16:04:20 raspberrypi smartcam-manager[75071]: [2025-06-19 16:04:20] ERROR: Camera __init__ sequence did not complete.
Jun 19 16:04:20 raspberrypi smartcam-manager[75071]: [CameraInterface] Picamera2 not available or failed: Camera __init__ sequence did not complete.
Jun 19 16:04:20 raspberrypi smartcam-manager[75071]: Traceback (most recent call last):
Jun 19 16:04:20 raspberrypi smartcam-manager[75071]:   File "/usr/lib/python3/dist-packages/picamera2/picamera2.py", line 293, in __init__
Jun 19 16:04:20 raspberrypi smartcam-manager[75071]:     self._open_camera()
Jun 19 16:04:20 raspberrypi smartcam-manager[75071]:   File "/usr/lib/python3/dist-packages/picamera2/picamera2.py", line 505, in _open_camera
Jun 19 16:04:20 raspberrypi smartcam-manager[75071]:     self.camera.acquire()
Jun 19 16:04:20 raspberrypi smartcam-manager[75071]: RuntimeError: Failed to acquire camera: Device or resource busy
Jun 19 16:04:20 raspberrypi smartcam-manager[75071]: During handling of the above exception, another exception occurred:
Jun 19 16:04:20 raspberrypi smartcam-manager[75071]: Traceback (most recent call last):
Jun 19 16:04:20 raspberrypi smartcam-manager[75071]:   File "/home/michomanoly14892/code/SmartCam-Soccer/backend/src/camera_interface.py", line 38, in _detect_camera
Jun 19 16:04:20 raspberrypi smartcam-manager[75071]:     self.picam = Picamera2()
Jun 19 16:04:20 raspberrypi smartcam-manager[75071]:                  ^^^^^^^^^^^
Jun 19 16:04:20 raspberrypi smartcam-manager[75071]:   File "/usr/lib/python3/dist-packages/picamera2/picamera2.py", line 305, in __init__
Jun 19 16:04:20 raspberrypi smartcam-manager[75071]:     raise RuntimeError("Camera __init__ sequence did not complete.")
Jun 19 16:04:20 raspberrypi smartcam-manager[75071]: RuntimeError: Camera __init__ sequence did not complete.
Jun 19 16:04:20 raspberrypi smartcam-manager[75071]: [ WARN:0@61.945] global cap_v4l.cpp:982 open VIDEOIO(V4L2:/dev/video1): can't open camera by index
Jun 19 16:04:20 raspberrypi smartcam-manager[75071]: [ WARN:0@61.946] global obsensor_stream_channel_v4l2.cpp:82 xioctl ioctl: fd=40, req=-2140645888
Jun 19 16:04:20 raspberrypi smartcam-manager[75071]: [ WARN:0@61.946] global obsensor_stream_channel_v4l2.cpp:138 queryUvcDeviceInfoList ioctl error return: 25
Jun 19 16:04:20 raspberrypi smartcam-manager[75071]: [ WARN:0@61.946] global obsensor_stream_channel_v4l2.cpp:82 xioctl ioctl: fd=40, req=-2140645888
Jun 19 16:04:20 raspberrypi smartcam-manager[75071]: [ WARN:0@61.946] global obsensor_stream_channel_v4l2.cpp:138 queryUvcDeviceInfoList ioctl error return: 25
Jun 19 16:04:20 raspberrypi smartcam-manager[75071]: [ WARN:0@61.946] global obsensor_stream_channel_v4l2.cpp:82 xioctl ioctl: fd=40, req=-2140645888
Jun 19 16:04:20 raspberrypi smartcam-manager[75071]: [ WARN:0@61.946] global obsensor_stream_channel_v4l2.cpp:138 queryUvcDeviceInfoList ioctl error return: 25
Jun 19 16:04:20 raspberrypi smartcam-manager[75071]: [ERROR:0@61.947] global obsensor_uvc_stream_channel.cpp:156 getStreamChannelGroup Camera index out of range
Jun 19 16:04:20 raspberrypi smartcam-manager[75071]: [ WARN:0@61.949] global cap_v4l.cpp:982 open VIDEOIO(V4L2:/dev/video4): can't open camera by index
Jun 19 16:04:20 raspberrypi smartcam-manager[75071]: [ WARN:0@61.949] global obsensor_stream_channel_v4l2.cpp:82 xioctl ioctl: fd=40, req=-2140645888
Jun 19 16:04:20 raspberrypi smartcam-manager[75071]: [ WARN:0@61.949] global obsensor_stream_channel_v4l2.cpp:138 queryUvcDeviceInfoList ioctl error return: 25
Jun 19 16:04:20 raspberrypi smartcam-manager[75071]: [ WARN:0@61.949] global obsensor_stream_channel_v4l2.cpp:82 xioctl ioctl: fd=40, req=-2140645888
Jun 19 16:04:20 raspberrypi smartcam-manager[75071]: [ WARN:0@61.949] global obsensor_stream_channel_v4l2.cpp:138 queryUvcDeviceInfoList ioctl error return: 25
Jun 19 16:04:20 raspberrypi smartcam-manager[75071]: [ WARN:0@61.949] global obsensor_stream_channel_v4l2.cpp:82 xioctl ioctl: fd=40, req=-2140645888
Jun 19 16:04:20 raspberrypi smartcam-manager[75071]: [ WARN:0@61.949] global obsensor_stream_channel_v4l2.cpp:138 queryUvcDeviceInfoList ioctl error return: 25
Jun 19 16:04:20 raspberrypi smartcam-manager[75071]: [ERROR:0@61.950] global obsensor_uvc_stream_channel.cpp:156 getStreamChannelGroup Camera index out of range
Jun 19 16:04:20 raspberrypi smartcam-manager[75071]: [ WARN:0@61.951] global cap_v4l.cpp:982 open VIDEOIO(V4L2:/dev/video6): can't open camera by index
Jun 19 16:04:20 raspberrypi smartcam-manager[75071]: [ WARN:0@61.951] global obsensor_stream_channel_v4l2.cpp:82 xioctl ioctl: fd=40, req=-2140645888
Jun 19 16:04:20 raspberrypi smartcam-manager[75071]: [ WARN:0@61.951] global obsensor_stream_channel_v4l2.cpp:138 queryUvcDeviceInfoList ioctl error return: 25
Jun 19 16:04:20 raspberrypi smartcam-manager[75071]: [ WARN:0@61.951] global obsensor_stream_channel_v4l2.cpp:82 xioctl ioctl: fd=40, req=-2140645888
Jun 19 16:04:20 raspberrypi smartcam-manager[75071]: [ WARN:0@61.951] global obsensor_stream_channel_v4l2.cpp:138 queryUvcDeviceInfoList ioctl error return: 25
Jun 19 16:04:20 raspberrypi smartcam-manager[75071]: [ WARN:0@61.951] global obsensor_stream_channel_v4l2.cpp:82 xioctl ioctl: fd=40, req=-2140645888
Jun 19 16:04:20 raspberrypi smartcam-manager[75071]: [ WARN:0@61.951] global obsensor_stream_channel_v4l2.cpp:138 queryUvcDeviceInfoList ioctl error return: 25
Jun 19 16:04:20 raspberrypi smartcam-manager[75071]: [ERROR:0@61.952] global obsensor_uvc_stream_channel.cpp:156 getStreamChannelGroup Camera index out of range
Jun 19 16:04:20 raspberrypi smartcam-manager[75071]: [ WARN:0@61.952] global cap_v4l.cpp:982 open VIDEOIO(V4L2:/dev/video7): can't open camera by index
Jun 19 16:04:20 raspberrypi smartcam-manager[75071]: [ WARN:0@61.952] global obsensor_stream_channel_v4l2.cpp:82 xioctl ioctl: fd=40, req=-2140645888
Jun 19 16:04:20 raspberrypi smartcam-manager[75071]: [ WARN:0@61.952] global obsensor_stream_channel_v4l2.cpp:138 queryUvcDeviceInfoList ioctl error return: 25
Jun 19 16:04:20 raspberrypi smartcam-manager[75071]: [ WARN:0@61.952] global obsensor_stream_channel_v4l2.cpp:82 xioctl ioctl: fd=40, req=-2140645888
Jun 19 16:04:20 raspberrypi smartcam-manager[75071]: [ WARN:0@61.952] global obsensor_stream_channel_v4l2.cpp:138 queryUvcDeviceInfoList ioctl error return: 25
Jun 19 16:04:20 raspberrypi smartcam-manager[75071]: [ WARN:0@61.952] global obsensor_stream_channel_v4l2.cpp:82 xioctl ioctl: fd=40, req=-2140645888
Jun 19 16:04:20 raspberrypi smartcam-manager[75071]: [ WARN:0@61.952] global obsensor_stream_channel_v4l2.cpp:138 queryUvcDeviceInfoList ioctl error return: 25
Jun 19 16:04:20 raspberrypi smartcam-manager[75071]: [ERROR:0@61.953] global obsensor_uvc_stream_channel.cpp:156 getStreamChannelGroup Camera index out of range
Jun 19 16:04:20 raspberrypi smartcam-manager[75071]: [2025-06-19 16:04:20] ERROR: Error checking camera status: No working camera found (neither Pi Camera nor USB camera)
Jun 19 16:04:20 raspberrypi smartcam-manager[75071]: [2025-06-19 16:04:20] INFO: HTTP Request: PATCH https://iszmsaayxpdrovealrrp.supabase.co/rest/v1/cameras?id=eq.b5b0eb67-d1c6-4634-b2e6-4412c57ef49f "HTTP/1.1 200 OK"
Jun 19 16:04:20 raspberrypi smartcam-manager[75071]: [2025-06-19 16:04:20] INFO: Updated status for camera b5b0eb67-d1c6-4634-b2e6-4412c57ef49f: offline
Jun 19 16:04:27 raspberrypi smartcam-status[75072]: [2025-06-19 16:04:27] INFO: HTTP Request: GET https://iszmsaayxpdrovealrrp.supabase.co/rest/v1/system_status?select=%2A&user_id=eq.65aa2e2a-e463-424d-b88f-0724bb0bea3a "HTTP/1.1 200 OK"
Jun 19 16:04:27 raspberrypi smartcam-status[75072]: [2025-06-19 16:04:27] INFO: HTTP Request: PATCH https://iszmsaayxpdrovealrrp.supabase.co/rest/v1/system_status?user_id=eq.65aa2e2a-e463-424d-b88f-0724bb0bea3a "HTTP/1.1 200 OK"
Jun 19 16:04:27 raspberrypi smartcam-status[75072]: [2025-06-19 16:04:27] INFO: System status updated for user 65aa2e2a-e463-424d-b88f-0724bb0bea3a
Jun 19 16:04:34 raspberrypi smartcam-status[75072]: [2025-06-19 16:04:34] INFO: HTTP Request: GET https://iszmsaayxpdrovealrrp.supabase.co/rest/v1/system_status?select=%2A&user_id=eq.65aa2e2a-e463-424d-b88f-0724bb0bea3a "HTTP/1.1 200 OK"
Jun 19 16:04:35 raspberrypi smartcam-status[75072]: [2025-06-19 16:04:35] INFO: HTTP Request: PATCH https://iszmsaayxpdrovealrrp.supabase.co/rest/v1/system_status?user_id=eq.65aa2e2a-e463-424d-b88f-0724bb0bea3a "HTTP/1.1 200 OK"
Jun 19 16:04:35 raspberrypi smartcam-status[75072]: [2025-06-19 16:04:35] INFO: System status updated for user 65aa2e2a-e463-424d-b88f-0724bb0bea3a
Jun 19 16:04:35 raspberrypi smartcam[75070]: 2025-06-19 16:04:35,721 - INFO - HTTP Request: POST https://iszmsaayxpdrovealrrp.supabase.co/rest/v1/cameras "HTTP/1.1 200 OK"
Jun 19 16:04:40 raspberrypi smartcam[75070]: 2025-06-19 16:04:40,873 - INFO - HTTP Request: PATCH https://iszmsaayxpdrovealrrp.supabase.co/rest/v1/system_status?user_id=eq.65aa2e2a-e463-424d-b88f-0724bb0bea3a "HTTP/1.1 200 OK"
Jun 19 16:04:40 raspberrypi smartcam[75070]: [Heartbeat] Sent successfully
Jun 19 16:04:42 raspberrypi smartcam-status[75072]: [2025-06-19 16:04:42] INFO: HTTP Request: GET https://iszmsaayxpdrovealrrp.supabase.co/rest/v1/system_status?select=%2A&user_id=eq.65aa2e2a-e463-424d-b88f-0724bb0bea3a "HTTP/1.1 200 OK"
Jun 19 16:04:42 raspberrypi smartcam-status[75072]: [2025-06-19 16:04:42] INFO: HTTP Request: PATCH https://iszmsaayxpdrovealrrp.supabase.co/rest/v1/system_status?user_id=eq.65aa2e2a-e463-424d-b88f-0724bb0bea3a "HTTP/1.1 200 OK"
Jun 19 16:04:42 raspberrypi smartcam-status[75072]: [2025-06-19 16:04:42] INFO: System status updated for user 65aa2e2a-e463-424d-b88f-0724bb0bea3a
Jun 19 16:04:49 raspberrypi smartcam-status[75072]: [2025-06-19 16:04:49] INFO: HTTP Request: GET https://iszmsaayxpdrovealrrp.supabase.co/rest/v1/system_status?select=%2A&user_id=eq.65aa2e2a-e463-424d-b88f-0724bb0bea3a "HTTP/1.1 200 OK"
Jun 19 16:04:49 raspberrypi smartcam-status[75072]: [2025-06-19 16:04:49] INFO: HTTP Request: PATCH https://iszmsaayxpdrovealrrp.supabase.co/rest/v1/system_status?user_id=eq.65aa2e2a-e463-424d-b88f-0724bb0bea3a "HTTP/1.1 200 OK"
Jun 19 16:04:49 raspberrypi smartcam-status[75072]: [2025-06-19 16:04:49] INFO: System status updated for user 65aa2e2a-e463-424d-b88f-0724bb0bea3a
Jun 19 16:04:50 raspberrypi smartcam[75070]: 2025-06-19 16:04:50,704 - INFO - HTTP Request: POST https://iszmsaayxpdrovealrrp.supabase.co/rest/v1/cameras "HTTP/1.1 200 OK"
Jun 19 16:04:51 raspberrypi smartcam-manager[75071]: [2025-06-19 16:04:51] INFO: HTTP Request: GET https://iszmsaayxpdrovealrrp.supabase.co/rest/v1/cameras?select=%2A "HTTP/1.1 200 OK"
Jun 19 16:04:51 raspberrypi smartcam-manager[75071]: [DEBUG] Attempting to initialize Picamera2...
Jun 19 16:04:51 raspberrypi smartcam-manager[75071]: [2025-06-19 16:04:51] INFO: Initialization successful.
Jun 19 16:04:51 raspberrypi smartcam-manager[75071]: [1:52:57.074184204] [75071]  INFO Camera camera.cpp:1011 Pipeline handler in use by another process
Jun 19 16:04:51 raspberrypi smartcam-manager[75071]: [2025-06-19 16:04:51] ERROR: Camera __init__ sequence did not complete.
Jun 19 16:04:51 raspberrypi smartcam-manager[75071]: [CameraInterface] Picamera2 not available or failed: Camera __init__ sequence did not complete.
Jun 19 16:04:51 raspberrypi smartcam-manager[75071]: Traceback (most recent call last):
Jun 19 16:04:51 raspberrypi smartcam-manager[75071]:   File "/usr/lib/python3/dist-packages/picamera2/picamera2.py", line 293, in __init__
Jun 19 16:04:51 raspberrypi smartcam-manager[75071]:     self._open_camera()
Jun 19 16:04:51 raspberrypi smartcam-manager[75071]:   File "/usr/lib/python3/dist-packages/picamera2/picamera2.py", line 505, in _open_camera
Jun 19 16:04:51 raspberrypi smartcam-manager[75071]:     self.camera.acquire()
Jun 19 16:04:51 raspberrypi smartcam-manager[75071]: RuntimeError: Failed to acquire camera: Device or resource busy
Jun 19 16:04:51 raspberrypi smartcam-manager[75071]: During handling of the above exception, another exception occurred:
Jun 19 16:04:51 raspberrypi smartcam-manager[75071]: Traceback (most recent call last):
Jun 19 16:04:51 raspberrypi smartcam-manager[75071]:   File "/home/michomanoly14892/code/SmartCam-Soccer/backend/src/camera_interface.py", line 38, in _detect_camera
Jun 19 16:04:51 raspberrypi smartcam-manager[75071]:     self.picam = Picamera2()
Jun 19 16:04:51 raspberrypi smartcam-manager[75071]:                  ^^^^^^^^^^^
Jun 19 16:04:51 raspberrypi smartcam-manager[75071]:   File "/usr/lib/python3/dist-packages/picamera2/picamera2.py", line 305, in __init__
Jun 19 16:04:51 raspberrypi smartcam-manager[75071]:     raise RuntimeError("Camera __init__ sequence did not complete.")
Jun 19 16:04:51 raspberrypi smartcam-manager[75071]: RuntimeError: Camera __init__ sequence did not complete.
Jun 19 16:04:51 raspberrypi smartcam-manager[75071]: [ WARN:0@92.305] global cap_v4l.cpp:982 open VIDEOIO(V4L2:/dev/video1): can't open camera by index
Jun 19 16:04:51 raspberrypi smartcam-manager[75071]: [ WARN:0@92.305] global obsensor_stream_channel_v4l2.cpp:82 xioctl ioctl: fd=42, req=-2140645888
Jun 19 16:04:51 raspberrypi smartcam-manager[75071]: [ WARN:0@92.305] global obsensor_stream_channel_v4l2.cpp:138 queryUvcDeviceInfoList ioctl error return: 25
Jun 19 16:04:51 raspberrypi smartcam-manager[75071]: [ WARN:0@92.305] global obsensor_stream_channel_v4l2.cpp:82 xioctl ioctl: fd=42, req=-2140645888
Jun 19 16:04:51 raspberrypi smartcam-manager[75071]: [ WARN:0@92.305] global obsensor_stream_channel_v4l2.cpp:138 queryUvcDeviceInfoList ioctl error return: 25
Jun 19 16:04:51 raspberrypi smartcam-manager[75071]: [ WARN:0@92.305] global obsensor_stream_channel_v4l2.cpp:82 xioctl ioctl: fd=42, req=-2140645888
Jun 19 16:04:51 raspberrypi smartcam-manager[75071]: [ WARN:0@92.305] global obsensor_stream_channel_v4l2.cpp:138 queryUvcDeviceInfoList ioctl error return: 25
Jun 19 16:04:51 raspberrypi smartcam-manager[75071]: [ERROR:0@92.306] global obsensor_uvc_stream_channel.cpp:156 getStreamChannelGroup Camera index out of range
Jun 19 16:04:51 raspberrypi smartcam-manager[75071]: [ WARN:0@92.308] global cap_v4l.cpp:982 open VIDEOIO(V4L2:/dev/video4): can't open camera by index
Jun 19 16:04:51 raspberrypi smartcam-manager[75071]: [ WARN:0@92.308] global obsensor_stream_channel_v4l2.cpp:82 xioctl ioctl: fd=42, req=-2140645888
Jun 19 16:04:51 raspberrypi smartcam-manager[75071]: [ WARN:0@92.308] global obsensor_stream_channel_v4l2.cpp:138 queryUvcDeviceInfoList ioctl error return: 25
Jun 19 16:04:51 raspberrypi smartcam-manager[75071]: [ WARN:0@92.308] global obsensor_stream_channel_v4l2.cpp:82 xioctl ioctl: fd=42, req=-2140645888
Jun 19 16:04:51 raspberrypi smartcam-manager[75071]: [ WARN:0@92.308] global obsensor_stream_channel_v4l2.cpp:138 queryUvcDeviceInfoList ioctl error return: 25
Jun 19 16:04:51 raspberrypi smartcam-manager[75071]: [ WARN:0@92.308] global obsensor_stream_channel_v4l2.cpp:82 xioctl ioctl: fd=42, req=-2140645888
Jun 19 16:04:51 raspberrypi smartcam-manager[75071]: [ WARN:0@92.308] global obsensor_stream_channel_v4l2.cpp:138 queryUvcDeviceInfoList ioctl error return: 25
Jun 19 16:04:51 raspberrypi smartcam-manager[75071]: [ERROR:0@92.309] global obsensor_uvc_stream_channel.cpp:156 getStreamChannelGroup Camera index out of range
Jun 19 16:04:51 raspberrypi smartcam-manager[75071]: [ WARN:0@92.310] global cap_v4l.cpp:982 open VIDEOIO(V4L2:/dev/video6): can't open camera by index
Jun 19 16:04:51 raspberrypi smartcam-manager[75071]: [ WARN:0@92.310] global obsensor_stream_channel_v4l2.cpp:82 xioctl ioctl: fd=42, req=-2140645888
Jun 19 16:04:51 raspberrypi smartcam-manager[75071]: [ WARN:0@92.310] global obsensor_stream_channel_v4l2.cpp:138 queryUvcDeviceInfoList ioctl error return: 25
Jun 19 16:04:51 raspberrypi smartcam-manager[75071]: [ WARN:0@92.310] global obsensor_stream_channel_v4l2.cpp:82 xioctl ioctl: fd=42, req=-2140645888
Jun 19 16:04:51 raspberrypi smartcam-manager[75071]: [ WARN:0@92.310] global obsensor_stream_channel_v4l2.cpp:138 queryUvcDeviceInfoList ioctl error return: 25
Jun 19 16:04:51 raspberrypi smartcam-manager[75071]: [ WARN:0@92.310] global obsensor_stream_channel_v4l2.cpp:82 xioctl ioctl: fd=42, req=-2140645888
Jun 19 16:04:51 raspberrypi smartcam-manager[75071]: [ WARN:0@92.310] global obsensor_stream_channel_v4l2.cpp:138 queryUvcDeviceInfoList ioctl error return: 25
Jun 19 16:04:51 raspberrypi smartcam-manager[75071]: [ERROR:0@92.311] global obsensor_uvc_stream_channel.cpp:156 getStreamChannelGroup Camera index out of range
Jun 19 16:04:51 raspberrypi smartcam-manager[75071]: [ WARN:0@92.311] global cap_v4l.cpp:982 open VIDEOIO(V4L2:/dev/video7): can't open camera by index
Jun 19 16:04:51 raspberrypi smartcam-manager[75071]: [ WARN:0@92.311] global obsensor_stream_channel_v4l2.cpp:82 xioctl ioctl: fd=42, req=-2140645888
Jun 19 16:04:51 raspberrypi smartcam-manager[75071]: [ WARN:0@92.311] global obsensor_stream_channel_v4l2.cpp:138 queryUvcDeviceInfoList ioctl error return: 25
Jun 19 16:04:51 raspberrypi smartcam-manager[75071]: [ WARN:0@92.311] global obsensor_stream_channel_v4l2.cpp:82 xioctl ioctl: fd=42, req=-2140645888
Jun 19 16:04:51 raspberrypi smartcam-manager[75071]: [ WARN:0@92.311] global obsensor_stream_channel_v4l2.cpp:138 queryUvcDeviceInfoList ioctl error return: 25
Jun 19 16:04:51 raspberrypi smartcam-manager[75071]: [ WARN:0@92.311] global obsensor_stream_channel_v4l2.cpp:82 xioctl ioctl: fd=42, req=-2140645888
Jun 19 16:04:51 raspberrypi smartcam-manager[75071]: [ WARN:0@92.311] global obsensor_stream_channel_v4l2.cpp:138 queryUvcDeviceInfoList ioctl error return: 25
Jun 19 16:04:51 raspberrypi smartcam-manager[75071]: [ERROR:0@92.312] global obsensor_uvc_stream_channel.cpp:156 getStreamChannelGroup Camera index out of range
Jun 19 16:04:51 raspberrypi smartcam-manager[75071]: [2025-06-19 16:04:51] ERROR: Error checking camera status: No working camera found (neither Pi Camera nor USB camera)
Jun 19 16:04:51 raspberrypi smartcam-manager[75071]: [2025-06-19 16:04:51] INFO: HTTP Request: PATCH https://iszmsaayxpdrovealrrp.supabase.co/rest/v1/cameras?id=eq.4145cb23-5d3e-4210-958f-a2ed5dbcaabd "HTTP/1.1 200 OK"
Jun 19 16:04:51 raspberrypi smartcam-manager[75071]: [2025-06-19 16:04:51] INFO: Updated status for camera 4145cb23-5d3e-4210-958f-a2ed5dbcaabd: offline
Jun 19 16:04:51 raspberrypi smartcam-manager[75071]: [DEBUG] Attempting to initialize Picamera2...
Jun 19 16:04:51 raspberrypi smartcam-manager[75071]: [2025-06-19 16:04:51] INFO: Initialization successful.
Jun 19 16:04:51 raspberrypi smartcam-manager[75071]: [1:52:57.188255071] [75071]  INFO Camera camera.cpp:1011 Pipeline handler in use by another process
Jun 19 16:04:51 raspberrypi smartcam-manager[75071]: [2025-06-19 16:04:51] ERROR: Camera __init__ sequence did not complete.
Jun 19 16:04:51 raspberrypi smartcam-manager[75071]: [CameraInterface] Picamera2 not available or failed: Camera __init__ sequence did not complete.
Jun 19 16:04:51 raspberrypi smartcam-manager[75071]: Traceback (most recent call last):
Jun 19 16:04:51 raspberrypi smartcam-manager[75071]:   File "/usr/lib/python3/dist-packages/picamera2/picamera2.py", line 293, in __init__
Jun 19 16:04:51 raspberrypi smartcam-manager[75071]:     self._open_camera()
Jun 19 16:04:51 raspberrypi smartcam-manager[75071]:   File "/usr/lib/python3/dist-packages/picamera2/picamera2.py", line 505, in _open_camera
Jun 19 16:04:51 raspberrypi smartcam-manager[75071]:     self.camera.acquire()
Jun 19 16:04:51 raspberrypi smartcam-manager[75071]: RuntimeError: Failed to acquire camera: Device or resource busy
Jun 19 16:04:51 raspberrypi smartcam-manager[75071]: During handling of the above exception, another exception occurred:
Jun 19 16:04:51 raspberrypi smartcam-manager[75071]: Traceback (most recent call last):
Jun 19 16:04:51 raspberrypi smartcam-manager[75071]:   File "/home/michomanoly14892/code/SmartCam-Soccer/backend/src/camera_interface.py", line 38, in _detect_camera
Jun 19 16:04:51 raspberrypi smartcam-manager[75071]:     self.picam = Picamera2()
Jun 19 16:04:51 raspberrypi smartcam-manager[75071]:                  ^^^^^^^^^^^
Jun 19 16:04:51 raspberrypi smartcam-manager[75071]:   File "/usr/lib/python3/dist-packages/picamera2/picamera2.py", line 305, in __init__
Jun 19 16:04:51 raspberrypi smartcam-manager[75071]:     raise RuntimeError("Camera __init__ sequence did not complete.")
Jun 19 16:04:51 raspberrypi smartcam-manager[75071]: RuntimeError: Camera __init__ sequence did not complete.
Jun 19 16:04:51 raspberrypi smartcam-manager[75071]: [ WARN:0@92.418] global cap_v4l.cpp:982 open VIDEOIO(V4L2:/dev/video1): can't open camera by index
Jun 19 16:04:51 raspberrypi smartcam-manager[75071]: [ WARN:0@92.419] global obsensor_stream_channel_v4l2.cpp:82 xioctl ioctl: fd=44, req=-2140645888
Jun 19 16:04:51 raspberrypi smartcam-manager[75071]: [ WARN:0@92.419] global obsensor_stream_channel_v4l2.cpp:138 queryUvcDeviceInfoList ioctl error return: 25
Jun 19 16:04:51 raspberrypi smartcam-manager[75071]: [ WARN:0@92.419] global obsensor_stream_channel_v4l2.cpp:82 xioctl ioctl: fd=44, req=-2140645888
Jun 19 16:04:51 raspberrypi smartcam-manager[75071]: [ WARN:0@92.419] global obsensor_stream_channel_v4l2.cpp:138 queryUvcDeviceInfoList ioctl error return: 25
Jun 19 16:04:51 raspberrypi smartcam-manager[75071]: [ WARN:0@92.419] global obsensor_stream_channel_v4l2.cpp:82 xioctl ioctl: fd=44, req=-2140645888
Jun 19 16:04:51 raspberrypi smartcam-manager[75071]: [ WARN:0@92.419] global obsensor_stream_channel_v4l2.cpp:138 queryUvcDeviceInfoList ioctl error return: 25
Jun 19 16:04:51 raspberrypi smartcam-manager[75071]: [ERROR:0@92.420] global obsensor_uvc_stream_channel.cpp:156 getStreamChannelGroup Camera index out of range
Jun 19 16:04:51 raspberrypi smartcam-manager[75071]: [ WARN:0@92.423] global cap_v4l.cpp:982 open VIDEOIO(V4L2:/dev/video4): can't open camera by index
Jun 19 16:04:51 raspberrypi smartcam-manager[75071]: [ WARN:0@92.423] global obsensor_stream_channel_v4l2.cpp:82 xioctl ioctl: fd=44, req=-2140645888
Jun 19 16:04:51 raspberrypi smartcam-manager[75071]: [ WARN:0@92.423] global obsensor_stream_channel_v4l2.cpp:138 queryUvcDeviceInfoList ioctl error return: 25
Jun 19 16:04:51 raspberrypi smartcam-manager[75071]: [ WARN:0@92.423] global obsensor_stream_channel_v4l2.cpp:82 xioctl ioctl: fd=44, req=-2140645888
Jun 19 16:04:51 raspberrypi smartcam-manager[75071]: [ WARN:0@92.423] global obsensor_stream_channel_v4l2.cpp:138 queryUvcDeviceInfoList ioctl error return: 25
Jun 19 16:04:51 raspberrypi smartcam-manager[75071]: [ WARN:0@92.423] global obsensor_stream_channel_v4l2.cpp:82 xioctl ioctl: fd=44, req=-2140645888
Jun 19 16:04:51 raspberrypi smartcam-manager[75071]: [ WARN:0@92.423] global obsensor_stream_channel_v4l2.cpp:138 queryUvcDeviceInfoList ioctl error return: 25
Jun 19 16:04:51 raspberrypi smartcam-manager[75071]: [ERROR:0@92.424] global obsensor_uvc_stream_channel.cpp:156 getStreamChannelGroup Camera index out of range
Jun 19 16:04:51 raspberrypi smartcam-manager[75071]: [ WARN:0@92.426] global cap_v4l.cpp:982 open VIDEOIO(V4L2:/dev/video6): can't open camera by index
Jun 19 16:04:51 raspberrypi smartcam-manager[75071]: [ WARN:0@92.426] global obsensor_stream_channel_v4l2.cpp:82 xioctl ioctl: fd=44, req=-2140645888
Jun 19 16:04:51 raspberrypi smartcam-manager[75071]: [ WARN:0@92.426] global obsensor_stream_channel_v4l2.cpp:138 queryUvcDeviceInfoList ioctl error return: 25
Jun 19 16:04:51 raspberrypi smartcam-manager[75071]: [ WARN:0@92.426] global obsensor_stream_channel_v4l2.cpp:82 xioctl ioctl: fd=44, req=-2140645888
Jun 19 16:04:51 raspberrypi smartcam-manager[75071]: [ WARN:0@92.426] global obsensor_stream_channel_v4l2.cpp:138 queryUvcDeviceInfoList ioctl error return: 25
Jun 19 16:04:51 raspberrypi smartcam-manager[75071]: [ WARN:0@92.426] global obsensor_stream_channel_v4l2.cpp:82 xioctl ioctl: fd=44, req=-2140645888
Jun 19 16:04:51 raspberrypi smartcam-manager[75071]: [ WARN:0@92.426] global obsensor_stream_channel_v4l2.cpp:138 queryUvcDeviceInfoList ioctl error return: 25
Jun 19 16:04:51 raspberrypi smartcam-manager[75071]: [ERROR:0@92.427] global obsensor_uvc_stream_channel.cpp:156 getStreamChannelGroup Camera index out of range
Jun 19 16:04:51 raspberrypi smartcam-manager[75071]: [ WARN:0@92.427] global cap_v4l.cpp:982 open VIDEOIO(V4L2:/dev/video7): can't open camera by index
Jun 19 16:04:51 raspberrypi smartcam-manager[75071]: [ WARN:0@92.427] global obsensor_stream_channel_v4l2.cpp:82 xioctl ioctl: fd=44, req=-2140645888
Jun 19 16:04:51 raspberrypi smartcam-manager[75071]: [ WARN:0@92.427] global obsensor_stream_channel_v4l2.cpp:138 queryUvcDeviceInfoList ioctl error return: 25
Jun 19 16:04:51 raspberrypi smartcam-manager[75071]: [ WARN:0@92.427] global obsensor_stream_channel_v4l2.cpp:82 xioctl ioctl: fd=44, req=-2140645888
Jun 19 16:04:51 raspberrypi smartcam-manager[75071]: [ WARN:0@92.427] global obsensor_stream_channel_v4l2.cpp:138 queryUvcDeviceInfoList ioctl error return: 25
Jun 19 16:04:51 raspberrypi smartcam-manager[75071]: [ WARN:0@92.427] global obsensor_stream_channel_v4l2.cpp:82 xioctl ioctl: fd=44, req=-2140645888
Jun 19 16:04:51 raspberrypi smartcam-manager[75071]: [ WARN:0@92.427] global obsensor_stream_channel_v4l2.cpp:138 queryUvcDeviceInfoList ioctl error return: 25
Jun 19 16:04:51 raspberrypi smartcam-manager[75071]: [ERROR:0@92.429] global obsensor_uvc_stream_channel.cpp:156 getStreamChannelGroup Camera index out of range
Jun 19 16:04:51 raspberrypi smartcam-manager[75071]: [2025-06-19 16:04:51] ERROR: Error checking camera status: No working camera found (neither Pi Camera nor USB camera)
Jun 19 16:04:51 raspberrypi smartcam-manager[75071]: [2025-06-19 16:04:51] INFO: HTTP Request: PATCH https://iszmsaayxpdrovealrrp.supabase.co/rest/v1/cameras?id=eq.b5b0eb67-d1c6-4634-b2e6-4412c57ef49f "HTTP/1.1 200 OK"
Jun 19 16:04:51 raspberrypi smartcam-manager[75071]: [2025-06-19 16:04:51] INFO: Updated status for camera b5b0eb67-d1c6-4634-b2e6-4412c57ef49f: offline
Jun 19 16:04:57 raspberrypi smartcam-status[75072]: [2025-06-19 16:04:57] INFO: HTTP Request: GET https://iszmsaayxpdrovealrrp.supabase.co/rest/v1/system_status?select=%2A&user_id=eq.65aa2e2a-e463-424d-b88f-0724bb0bea3a "HTTP/1.1 200 OK"
Jun 19 16:04:57 raspberrypi smartcam-status[75072]: [2025-06-19 16:04:57] INFO: HTTP Request: PATCH https://iszmsaayxpdrovealrrp.supabase.co/rest/v1/system_status?user_id=eq.65aa2e2a-e463-424d-b88f-0724bb0bea3a "HTTP/1.1 200 OK"
Jun 19 16:04:57 raspberrypi smartcam-status[75072]: [2025-06-19 16:04:57] INFO: System status updated for user 65aa2e2a-e463-424d-b88f-0724bb0bea3a
un 19 16:04:57 raspberrypi smartcam-status[75072]: [2025-06-19 16:04:57] INFO: HTTP Request: GET https://iszmsaayxpdrovealrrp.supabase.co/rest/v1/system_status?select=%2A&user_id=eq.65aa2e2a-e463-424d-b88f-0724bb0bea3a "HTTP/1.1 200 OK"
Jun 19 16:04:57 raspberrypi smartcam-status[75072]: [2025-06-19 16:04:57] INFO: HTTP Request: PATCH https://iszmsaayxpdrovealrrp.supabase.co/rest/v1/system_status?user_id=eq.65aa2e2a-e463-424d-b88f-0724bb0bea3a "HTTP/1.1 200 OK"
Jun 19 16:04:57 raspberrypi smartcam-status[75072]: [2025-06-19 16:04:57] INFO: System status updated for user 65aa2e2a-e463-424d-b88f-0724bb0bea3a
Jun 19 16:05:01 raspberrypi smartcam[75070]: 2025-06-19 16:05:01,079 - INFO - HTTP Request: PATCH https://iszmsaayxpdrovealrrp.supabase.co/rest/v1/system_status?user_id=eq.65aa2e2a-e463-424d-b88f-0724bb0bea3a "HTTP/1.1 200 OK"
Jun 19 16:05:01 raspberrypi smartcam[75070]: [Heartbeat] Sent successfully
Jun 19 16:05:04 raspberrypi smartcam-status[75072]: [2025-06-19 16:05:04] INFO: HTTP Request: GET https://iszmsaayxpdrovealrrp.supabase.co/rest/v1/system_status?select=%2A&user_id=eq.65aa2e2a-e463-424d-b88f-0724bb0bea3a "HTTP/1.1 200 OK"
Jun 19 16:05:04 raspberrypi smartcam-status[75072]: [2025-06-19 16:05:04] INFO: HTTP Request: PATCH https://iszmsaayxpdrovealrrp.supabase.co/rest/v1/system_status?user_id=eq.65aa2e2a-e463-424d-b88f-0724bb0bea3a "HTTP/1.1 200 OK"
Jun 19 16:05:04 raspberrypi smartcam-status[75072]: [2025-06-19 16:05:04] INFO: System status updated for user 65aa2e2a-e463-424d-b88f-0724bb0bea3a
Jun 19 16:05:05 raspberrypi smartcam[75070]: 2025-06-19 16:05:05,766 - INFO - HTTP Request: POST https://iszmsaayxpdrovealrrp.supabase.co/rest/v1/cameras "HTTP/1.1 200 OK"
Jun 19 16:05:11 raspberrypi smartcam-status[75072]: [2025-06-19 16:05:11] INFO: HTTP Request: GET https://iszmsaayxpdrovealrrp.supabase.co/rest/v1/system_status?select=%2A&user_id=eq.65aa2e2a-e463-424d-b88f-0724bb0bea3a "HTTP/1.1 200 OK"
Jun 19 16:05:11 raspberrypi smartcam-status[75072]: [2025-06-19 16:05:11] INFO: HTTP Request: PATCH https://iszmsaayxpdrovealrrp.supabase.co/rest/v1/system_status?user_id=eq.65aa2e2a-e463-424d-b88f-0724bb0bea3a "HTTP/1.1 200 OK"
Jun 19 16:05:11 raspberrypi smartcam-status[75072]: [2025-06-19 16:05:11] INFO: System status updated for user 65aa2e2a-e463-424d-b88f-0724bb0bea3a
^[[1;2B^[[1;2B^[[1;2BJun 19 16:05:19 raspberrypi smartcam-status[75072]: [2025-06-19 16:05:19] INFO: HTTP Request: GET https://iszmsaayxpdrovealrrp.supabase.co/rest/v1/system_status?select=%2A&user_id=eq.65aa2e2a-e463-424d-b88f-0724bb0bea3a "HTTP/1.1 200 OK"
Jun 19 16:05:19 raspberrypi smartcam-status[75072]: [2025-06-19 16:05:19] INFO: HTTP Request: PATCH https://iszmsaayxpdrovealrrp.supabase.co/rest/v1/system_status?user_id=eq.65aa2e2a-e463-424d-b88f-0724bb0bea3a "HTTP/1.1 200 OK"
Jun 19 16:05:19 raspberrypi smartcam-status[75072]: [2025-06-19 16:05:19] INFO: System status updated for user 65aa2e2a-e463-424d-b88f-0724bb0bea3a
Jun 19 16:05:20 raspberrypi smartcam[75070]: 2025-06-19 16:05:20,317 - INFO - HTTP Request: GET https://iszmsaayxpdrovealrrp.supabase.co/rest/v1/bookings?select=%2A&user_id=eq.65aa2e2a-e463-424d-b88f-0724bb0bea3a&date=eq.2025-06-19&end_time=gte.16%3A05&order=start_time "HTTP/1.1 200 OK"
Jun 19 16:05:20 raspberrypi smartcam[75070]: 2025-06-19 16:05:20,407 - INFO - HTTP Request: GET https://iszmsaayxpdrovealrrp.supabase.co/rest/v1/bookings?select=%2A&user_id=eq.65aa2e2a-e463-424d-b88f-0724bb0bea3a&date=gt.2025-06-19&order=date&order=start_time "HTTP/1.1 200 OK"
Jun 19 16:05:20 raspberrypi smartcam[75070]: 2025-06-19 16:05:20,650 - INFO - HTTP Request: POST https://iszmsaayxpdrovealrrp.supabase.co/rest/v1/cameras "HTTP/1.1 200 OK"
Jun 19 16:05:21 raspberrypi smartcam[75070]: 2025-06-19 16:05:21,301 - INFO - HTTP Request: PATCH https://iszmsaayxpdrovealrrp.supabase.co/rest/v1/system_status?user_id=eq.65aa2e2a-e463-424d-b88f-0724bb0bea3a "HTTP/1.1 200 OK"
Jun 19 16:05:21 raspberrypi smartcam[75070]: [Heartbeat] Sent successfully
Jun 19 16:05:21 raspberrypi smartcam-manager[75071]: [2025-06-19 16:05:21] INFO: HTTP Request: GET https://iszmsaayxpdrovealrrp.supabase.co/rest/v1/cameras?select=%2A "HTTP/1.1 200 OK"
Jun 19 16:05:21 raspberrypi smartcam-manager[75071]: [DEBUG] Attempting to initialize Picamera2...
Jun 19 16:05:21 raspberrypi smartcam-manager[75071]: [2025-06-19 16:05:21] INFO: Initialization successful.
Jun 19 16:05:21 raspberrypi smartcam-manager[75071]: [1:53:27.537744416] [75071]  INFO Camera camera.cpp:1011 Pipeline handler in use by another process
Jun 19 16:05:21 raspberrypi smartcam-manager[75071]: [2025-06-19 16:05:21] ERROR: Camera __init__ sequence did not complete.
Jun 19 16:05:21 raspberrypi smartcam-manager[75071]: [CameraInterface] Picamera2 not available or failed: Camera __init__ sequence did not complete.
Jun 19 16:05:21 raspberrypi smartcam-manager[75071]: Traceback (most recent call last):
Jun 19 16:05:21 raspberrypi smartcam-manager[75071]:   File "/usr/lib/python3/dist-packages/picamera2/picamera2.py", line 293, in __init__
Jun 19 16:05:21 raspberrypi smartcam-manager[75071]:     self._open_camera()
Jun 19 16:05:21 raspberrypi smartcam-manager[75071]:   File "/usr/lib/python3/dist-packages/picamera2/picamera2.py", line 505, in _open_camera
Jun 19 16:05:21 raspberrypi smartcam-manager[75071]:     self.camera.acquire()
Jun 19 16:05:21 raspberrypi smartcam-manager[75071]: RuntimeError: Failed to acquire camera: Device or resource busy
Jun 19 16:05:21 raspberrypi smartcam-manager[75071]: During handling of the above exception, another exception occurred:
Jun 19 16:05:21 raspberrypi smartcam-manager[75071]: Traceback (most recent call last):
Jun 19 16:05:21 raspberrypi smartcam-manager[75071]:   File "/home/michomanoly14892/code/SmartCam-Soccer/backend/src/camera_interface.py", line 38, in _detect_camera
Jun 19 16:05:21 raspberrypi smartcam-manager[75071]:     self.picam = Picamera2()
Jun 19 16:05:21 raspberrypi smartcam-manager[75071]:                  ^^^^^^^^^^^
Jun 19 16:05:21 raspberrypi smartcam-manager[75071]:   File "/usr/lib/python3/dist-packages/picamera2/picamera2.py", line 305, in __init__
Jun 19 16:05:21 raspberrypi smartcam-manager[75071]:     raise RuntimeError("Camera __init__ sequence did not complete.")
Jun 19 16:05:21 raspberrypi smartcam-manager[75071]: RuntimeError: Camera __init__ sequence did not complete.
Jun 19 16:05:21 raspberrypi smartcam-manager[75071]: [ WARN:0@122.769] global cap_v4l.cpp:982 open VIDEOIO(V4L2:/dev/video1): can't open camera by index
Jun 19 16:05:21 raspberrypi smartcam-manager[75071]: [ WARN:0@122.769] global obsensor_stream_channel_v4l2.cpp:82 xioctl ioctl: fd=46, req=-2140645888
Jun 19 16:05:21 raspberrypi smartcam-manager[75071]: [ WARN:0@122.769] global obsensor_stream_channel_v4l2.cpp:138 queryUvcDeviceInfoList ioctl error return: 25
Jun 19 16:05:21 raspberrypi smartcam-manager[75071]: [ WARN:0@122.769] global obsensor_stream_channel_v4l2.cpp:82 xioctl ioctl: fd=46, req=-2140645888
Jun 19 16:05:21 raspberrypi smartcam-manager[75071]: [ WARN:0@122.769] global obsensor_stream_channel_v4l2.cpp:138 queryUvcDeviceInfoList ioctl error return: 25
Jun 19 16:05:21 raspberrypi smartcam-manager[75071]: [ WARN:0@122.769] global obsensor_stream_channel_v4l2.cpp:82 xioctl ioctl: fd=46, req=-2140645888
Jun 19 16:05:21 raspberrypi smartcam-manager[75071]: [ WARN:0@122.769] global obsensor_stream_channel_v4l2.cpp:138 queryUvcDeviceInfoList ioctl error return: 25
Jun 19 16:05:21 raspberrypi smartcam-manager[75071]: [ERROR:0@122.770] global obsensor_uvc_stream_channel.cpp:156 getStreamChannelGroup Camera index out of range
Jun 19 16:05:21 raspberrypi smartcam-manager[75071]: [ WARN:0@122.773] global cap_v4l.cpp:982 open VIDEOIO(V4L2:/dev/video4): can't open camera by index
Jun 19 16:05:21 raspberrypi smartcam-manager[75071]: [ WARN:0@122.773] global obsensor_stream_channel_v4l2.cpp:82 xioctl ioctl: fd=46, req=-2140645888
Jun 19 16:05:21 raspberrypi smartcam-manager[75071]: [ WARN:0@122.773] global obsensor_stream_channel_v4l2.cpp:138 queryUvcDeviceInfoList ioctl error return: 25
Jun 19 16:05:21 raspberrypi smartcam-manager[75071]: [ WARN:0@122.773] global obsensor_stream_channel_v4l2.cpp:82 xioctl ioctl: fd=46, req=-2140645888
Jun 19 16:05:21 raspberrypi smartcam-manager[75071]: [ WARN:0@122.773] global obsensor_stream_channel_v4l2.cpp:138 queryUvcDeviceInfoList ioctl error return: 25
Jun 19 16:05:21 raspberrypi smartcam-manager[75071]: [ WARN:0@122.773] global obsensor_stream_channel_v4l2.cpp:82 xioctl ioctl: fd=46, req=-2140645888
Jun 19 16:05:21 raspberrypi smartcam-manager[75071]: [ WARN:0@122.773] global obsensor_stream_channel_v4l2.cpp:138 queryUvcDeviceInfoList ioctl error return: 25
Jun 19 16:05:21 raspberrypi smartcam-manager[75071]: [ERROR:0@122.775] global obsensor_uvc_stream_channel.cpp:156 getStreamChannelGroup Camera index out of range
Jun 19 16:05:21 raspberrypi smartcam-manager[75071]: [ WARN:0@122.776] global cap_v4l.cpp:982 open VIDEOIO(V4L2:/dev/video6): can't open camera by index
Jun 19 16:05:21 raspberrypi smartcam-manager[75071]: [ WARN:0@122.776] global obsensor_stream_channel_v4l2.cpp:82 xioctl ioctl: fd=46, req=-2140645888
Jun 19 16:05:21 raspberrypi smartcam-manager[75071]: [ WARN:0@122.776] global obsensor_stream_channel_v4l2.cpp:138 queryUvcDeviceInfoList ioctl error return: 25
Jun 19 16:05:21 raspberrypi smartcam-manager[75071]: [ WARN:0@122.776] global obsensor_stream_channel_v4l2.cpp:82 xioctl ioctl: fd=46, req=-2140645888
Jun 19 16:05:21 raspberrypi smartcam-manager[75071]: [ WARN:0@122.776] global obsensor_stream_channel_v4l2.cpp:138 queryUvcDeviceInfoList ioctl error return: 25
Jun 19 16:05:21 raspberrypi smartcam-manager[75071]: [ WARN:0@122.776] global obsensor_stream_channel_v4l2.cpp:82 xioctl ioctl: fd=46, req=-2140645888
Jun 19 16:05:21 raspberrypi smartcam-manager[75071]: [ WARN:0@122.776] global obsensor_stream_channel_v4l2.cpp:138 queryUvcDeviceInfoList ioctl error return: 25
Jun 19 16:05:21 raspberrypi smartcam-manager[75071]: [ERROR:0@122.777] global obsensor_uvc_stream_channel.cpp:156 getStreamChannelGroup Camera index out of range
Jun 19 16:05:21 raspberrypi smartcam-manager[75071]: [ WARN:0@122.778] global cap_v4l.cpp:982 open VIDEOIO(V4L2:/dev/video7): can't open camera by index
Jun 19 16:05:21 raspberrypi smartcam-manager[75071]: [ WARN:0@122.778] global obsensor_stream_channel_v4l2.cpp:82 xioctl ioctl: fd=46, req=-2140645888
Jun 19 16:05:21 raspberrypi smartcam-manager[75071]: [ WARN:0@122.778] global obsensor_stream_channel_v4l2.cpp:138 queryUvcDeviceInfoList ioctl error return: 25
Jun 19 16:05:21 raspberrypi smartcam-manager[75071]: [ WARN:0@122.778] global obsensor_stream_channel_v4l2.cpp:82 xioctl ioctl: fd=46, req=-2140645888
Jun 19 16:05:21 raspberrypi smartcam-manager[75071]: [ WARN:0@122.778] global obsensor_stream_channel_v4l2.cpp:138 queryUvcDeviceInfoList ioctl error return: 25
Jun 19 16:05:21 raspberrypi smartcam-manager[75071]: [ WARN:0@122.778] global obsensor_stream_channel_v4l2.cpp:82 xioctl ioctl: fd=46, req=-2140645888
Jun 19 16:05:21 raspberrypi smartcam-manager[75071]: [ WARN:0@122.778] global obsensor_stream_channel_v4l2.cpp:138 queryUvcDeviceInfoList ioctl error return: 25
Jun 19 16:05:21 raspberrypi smartcam-manager[75071]: [ERROR:0@122.779] global obsensor_uvc_stream_channel.cpp:156 getStreamChannelGroup Camera index out of range
Jun 19 16:05:21 raspberrypi smartcam-manager[75071]: [2025-06-19 16:05:21] ERROR: Error checking camera status: No working camera found (neither Pi Camera nor USB camera)
Jun 19 16:05:21 raspberrypi smartcam-manager[75071]: [2025-06-19 16:05:21] INFO: HTTP Request: PATCH https://iszmsaayxpdrovealrrp.supabase.co/rest/v1/cameras?id=eq.4145cb23-5d3e-4210-958f-a2ed5dbcaabd "HTTP/1.1 200 OK"
Jun 19 16:05:21 raspberrypi smartcam-manager[75071]: [2025-06-19 16:05:21] INFO: Updated status for camera 4145cb23-5d3e-4210-958f-a2ed5dbcaabd: offline
Jun 19 16:05:21 raspberrypi smartcam-manager[75071]: [DEBUG] Attempting to initialize Picamera2...
Jun 19 16:05:21 raspberrypi smartcam-manager[75071]: [2025-06-19 16:05:21] INFO: Initialization successful.
Jun 19 16:05:21 raspberrypi smartcam-manager[75071]: [1:53:27.650997895] [75071]  INFO Camera camera.cpp:1011 Pipeline handler in use by another process
Jun 19 16:05:21 raspberrypi smartcam-manager[75071]: [2025-06-19 16:05:21] ERROR: Camera __init__ sequence did not complete.
Jun 19 16:05:21 raspberrypi smartcam-manager[75071]: [CameraInterface] Picamera2 not available or failed: Camera __init__ sequence did not complete.
Jun 19 16:05:21 raspberrypi smartcam-manager[75071]: Traceback (most recent call last):
Jun 19 16:05:21 raspberrypi smartcam-manager[75071]:   File "/usr/lib/python3/dist-packages/picamera2/picamera2.py", line 293, in __init__
Jun 19 16:05:21 raspberrypi smartcam-manager[75071]:     self._open_camera()
Jun 19 16:05:21 raspberrypi smartcam-manager[75071]:   File "/usr/lib/python3/dist-packages/picamera2/picamera2.py", line 505, in _open_camera
Jun 19 16:05:21 raspberrypi smartcam-manager[75071]:     self.camera.acquire()
Jun 19 16:05:21 raspberrypi smartcam-manager[75071]: RuntimeError: Failed to acquire camera: Device or resource busy
Jun 19 16:05:21 raspberrypi smartcam-manager[75071]: During handling of the above exception, another exception occurred:
Jun 19 16:05:21 raspberrypi smartcam-manager[75071]: Traceback (most recent call last):
Jun 19 16:05:21 raspberrypi smartcam-manager[75071]:   File "/home/michomanoly14892/code/SmartCam-Soccer/backend/src/camera_interface.py", line 38, in _detect_camera
Jun 19 16:05:21 raspberrypi smartcam-manager[75071]:     self.picam = Picamera2()
Jun 19 16:05:21 raspberrypi smartcam-manager[75071]:                  ^^^^^^^^^^^
Jun 19 16:05:21 raspberrypi smartcam-manager[75071]:   File "/usr/lib/python3/dist-packages/picamera2/picamera2.py", line 305, in __init__
Jun 19 16:05:21 raspberrypi smartcam-manager[75071]:     raise RuntimeError("Camera __init__ sequence did not complete.")
Jun 19 16:05:21 raspberrypi smartcam-manager[75071]: RuntimeError: Camera __init__ sequence did not complete.
Jun 19 16:05:21 raspberrypi smartcam-manager[75071]: [ WARN:0@122.882] global cap_v4l.cpp:982 open VIDEOIO(V4L2:/dev/video1): can't open camera by index
Jun 19 16:05:21 raspberrypi smartcam-manager[75071]: [ WARN:0@122.882] global obsensor_stream_channel_v4l2.cpp:82 xioctl ioctl: fd=40, req=-2140645888
Jun 19 16:05:21 raspberrypi smartcam-manager[75071]: [ WARN:0@122.882] global obsensor_stream_channel_v4l2.cpp:138 queryUvcDeviceInfoList ioctl error return: 25
Jun 19 16:05:21 raspberrypi smartcam-manager[75071]: [ WARN:0@122.882] global obsensor_stream_channel_v4l2.cpp:82 xioctl ioctl: fd=40, req=-2140645888
Jun 19 16:05:21 raspberrypi smartcam-manager[75071]: [ WARN:0@122.882] global obsensor_stream_channel_v4l2.cpp:138 queryUvcDeviceInfoList ioctl error return: 25
Jun 19 16:05:21 raspberrypi smartcam-manager[75071]: [ WARN:0@122.882] global obsensor_stream_channel_v4l2.cpp:82 xioctl ioctl: fd=40, req=-2140645888
Jun 19 16:05:21 raspberrypi smartcam-manager[75071]: [ WARN:0@122.882] global obsensor_stream_channel_v4l2.cpp:138 queryUvcDeviceInfoList ioctl error return: 25
Jun 19 16:05:21 raspberrypi smartcam-manager[75071]: [ERROR:0@122.884] global obsensor_uvc_stream_channel.cpp:156 getStreamChannelGroup Camera index out of range
Jun 19 16:05:21 raspberrypi smartcam-manager[75071]: [ WARN:0@122.887] global cap_v4l.cpp:982 open VIDEOIO(V4L2:/dev/video4): can't open camera by index
Jun 19 16:05:21 raspberrypi smartcam-manager[75071]: [ WARN:0@122.887] global obsensor_stream_channel_v4l2.cpp:82 xioctl ioctl: fd=40, req=-2140645888
Jun 19 16:05:21 raspberrypi smartcam-manager[75071]: [ WARN:0@122.887] global obsensor_stream_channel_v4l2.cpp:138 queryUvcDeviceInfoList ioctl error return: 25
Jun 19 16:05:21 raspberrypi smartcam-manager[75071]: [ WARN:0@122.887] global obsensor_stream_channel_v4l2.cpp:82 xioctl ioctl: fd=40, req=-2140645888
Jun 19 16:05:21 raspberrypi smartcam-manager[75071]: [ WARN:0@122.887] global obsensor_stream_channel_v4l2.cpp:138 queryUvcDeviceInfoList ioctl error return: 25
Jun 19 16:05:21 raspberrypi smartcam-manager[75071]: [ WARN:0@122.887] global obsensor_stream_channel_v4l2.cpp:82 xioctl ioctl: fd=40, req=-2140645888
Jun 19 16:05:21 raspberrypi smartcam-manager[75071]: [ WARN:0@122.887] global obsensor_stream_channel_v4l2.cpp:138 queryUvcDeviceInfoList ioctl error return: 25
Jun 19 16:05:21 raspberrypi smartcam-manager[75071]: [ERROR:0@122.889] global obsensor_uvc_stream_channel.cpp:156 getStreamChannelGroup Camera index out of range
Jun 19 16:05:21 raspberrypi smartcam-manager[75071]: [ WARN:0@122.890] global cap_v4l.cpp:982 open VIDEOIO(V4L2:/dev/video6): can't open camera by index
Jun 19 16:05:21 raspberrypi smartcam-manager[75071]: [ WARN:0@122.890] global obsensor_stream_channel_v4l2.cpp:82 xioctl ioctl: fd=40, req=-2140645888
Jun 19 16:05:21 raspberrypi smartcam-manager[75071]: [ WARN:0@122.890] global obsensor_stream_channel_v4l2.cpp:138 queryUvcDeviceInfoList ioctl error return: 25
Jun 19 16:05:21 raspberrypi smartcam-manager[75071]: [ WARN:0@122.890] global obsensor_stream_channel_v4l2.cpp:82 xioctl ioctl: fd=40, req=-2140645888
Jun 19 16:05:21 raspberrypi smartcam-manager[75071]: [ WARN:0@122.890] global obsensor_stream_channel_v4l2.cpp:138 queryUvcDeviceInfoList ioctl error return: 25
Jun 19 16:05:21 raspberrypi smartcam-manager[75071]: [ WARN:0@122.890] global obsensor_stream_channel_v4l2.cpp:82 xioctl ioctl: fd=40, req=-2140645888
Jun 19 16:05:21 raspberrypi smartcam-manager[75071]: [ WARN:0@122.890] global obsensor_stream_channel_v4l2.cpp:138 queryUvcDeviceInfoList ioctl error return: 25
Jun 19 16:05:21 raspberrypi smartcam-manager[75071]: [ERROR:0@122.892] global obsensor_uvc_stream_channel.cpp:156 getStreamChannelGroup Camera index out of range
Jun 19 16:05:21 raspberrypi smartcam-manager[75071]: [ WARN:0@122.892] global cap_v4l.cpp:982 open VIDEOIO(V4L2:/dev/video7): can't open camera by index
Jun 19 16:05:21 raspberrypi smartcam-manager[75071]: [ WARN:0@122.892] global obsensor_stream_channel_v4l2.cpp:82 xioctl ioctl: fd=40, req=-2140645888
Jun 19 16:05:21 raspberrypi smartcam-manager[75071]: [ WARN:0@122.892] global obsensor_stream_channel_v4l2.cpp:138 queryUvcDeviceInfoList ioctl error return: 25
Jun 19 16:05:21 raspberrypi smartcam-manager[75071]: [ WARN:0@122.892] global obsensor_stream_channel_v4l2.cpp:82 xioctl ioctl: fd=40, req=-2140645888
Jun 19 16:05:21 raspberrypi smartcam-manager[75071]: [ WARN:0@122.892] global obsensor_stream_channel_v4l2.cpp:138 queryUvcDeviceInfoList ioctl error return: 25
Jun 19 16:05:21 raspberrypi smartcam-manager[75071]: [ WARN:0@122.892] global obsensor_stream_channel_v4l2.cpp:82 xioctl ioctl: fd=40, req=-2140645888
Jun 19 16:05:21 raspberrypi smartcam-manager[75071]: [ WARN:0@122.892] global obsensor_stream_channel_v4l2.cpp:138 queryUvcDeviceInfoList ioctl error return: 25
Jun 19 16:05:21 raspberrypi smartcam-manager[75071]: [ERROR:0@122.893] global obsensor_uvc_stream_channel.cpp:156 getStreamChannelGroup Camera index out of range
Jun 19 16:05:21 raspberrypi smartcam-manager[75071]: [2025-06-19 16:05:21] ERROR: Error checking camera status: No working camera found (neither Pi Camera nor USB camera)
Jun 19 16:05:21 raspberrypi smartcam-manager[75071]: [2025-06-19 16:05:21] INFO: HTTP Request: PATCH https://iszmsaayxpdrovealrrp.supabase.co/rest/v1/cameras?id=eq.b5b0eb67-d1c6-4634-b2e6-4412c57ef49f "HTTP/1.1 200 OK"
Jun 19 16:05:21 raspberrypi smartcam-manager[75071]: [2025-06-19 16:05:21] INFO: Updated status for camera b5b0eb67-d1c6-4634-b2e6-4412c57ef49f: offline
Jun 19 16:05:26 raspberrypi smartcam-status[75072]: [2025-06-19 16:05:26] INFO: HTTP Request: GET https://iszmsaayxpdrovealrrp.supabase.co/rest/v1/system_status?select=%2A&user_id=eq.65aa2e2a-e463-424d-b88f-0724bb0bea3a "HTTP/1.1 200 OK"
Jun 19 16:05:26 raspberrypi smartcam-status[75072]: [2025-06-19 16:05:26] INFO: HTTP Request: PATCH https://iszmsaayxpdrovealrrp.supabase.co/rest/v1/system_status?user_id=eq.65aa2e2a-e463-424d-b88f-0724bb0bea3a "HTTP/1.1 200 OK"
Jun 19 16:05:26 raspberrypi smartcam-status[75072]: [2025-06-19 16:05:26] INFO: System status updated for user 65aa2e2a-e463-424d-b88f-0724bb0bea3a
Jun 19 16:05:33 raspberrypi smartcam-status[75072]: [2025-06-19 16:05:33] INFO: HTTP Request: GET https://iszmsaayxpdrovealrrp.supabase.co/rest/v1/system_status?select=%2A&user_id=eq.65aa2e2a-e463-424d-b88f-0724bb0bea3a "HTTP/1.1 200 OK"
Jun 19 16:05:33 raspberrypi smartcam-status[75072]: [2025-06-19 16:05:33] INFO: HTTP Request: PATCH https://iszmsaayxpdrovealrrp.supabase.co/rest/v1/system_status?user_id=eq.65aa2e2a-e463-424d-b88f-0724bb0bea3a "HTTP/1.1 200 OK"
Jun 19 16:05:34 raspberrypi smartcam-status[75072]: [2025-06-19 16:05:33] INFO: System status updated for user 65aa2e2a-e463-424d-b88f-0724bb0bea3a
Jun 19 16:05:35 raspberrypi smartcam[75070]: 2025-06-19 16:05:35,869 - INFO - HTTP Request: POST https://iszmsaayxpdrovealrrp.supabase.co/rest/v1/cameras "HTTP/1.1 200 OK"
Jun 19 16:05:41 raspberrypi smartcam-status[75072]: [2025-06-19 16:05:41] INFO: HTTP Request: GET https://iszmsaayxpdrovealrrp.supabase.co/rest/v1/system_status?select=%2A&user_id=eq.65aa2e2a-e463-424d-b88f-0724bb0bea3a "HTTP/1.1 200 OK"
Jun 19 16:05:41 raspberrypi smartcam-status[75072]: [2025-06-19 16:05:41] INFO: HTTP Request: PATCH https://iszmsaayxpdrovealrrp.supabase.co/rest/v1/system_status?user_id=eq.65aa2e2a-e463-424d-b88f-0724bb0bea3a "HTTP/1.1 200 OK"
Jun 19 16:05:41 raspberrypi smartcam-status[75072]: [2025-06-19 16:05:41] INFO: System status updated for user 65aa2e2a-e463-424d-b88f-0724bb0bea3a
Jun 19 16:05:41 raspberrypi smartcam[75070]: 2025-06-19 16:05:41,547 - INFO - HTTP Request: PATCH https://iszmsaayxpdrovealrrp.supabase.co/rest/v1/system_status?user_id=eq.65aa2e2a-e463-424d-b88f-0724bb0bea3a "HTTP/1.1 200 OK"
Jun 19 16:05:41 raspberrypi smartcam[75070]: [Heartbeat] Sent successfully
Jun 19 16:05:48 raspberrypi smartcam-status[75072]: [2025-06-19 16:05:48] INFO: HTTP Request: GET https://iszmsaayxpdrovealrrp.supabase.co/rest/v1/system_status?select=%2A&user_id=eq.65aa2e2a-e463-424d-b88f-0724bb0bea3a "HTTP/1.1 200 OK"
Jun 19 16:05:48 raspberrypi smartcam-status[75072]: [2025-06-19 16:05:48] INFO: HTTP Request: PATCH https://iszmsaayxpdrovealrrp.supabase.co/rest/v1/system_status?user_id=eq.65aa2e2a-e463-424d-b88f-0724bb0bea3a "HTTP/1.1 200 OK"
Jun 19 16:05:48 raspberrypi smartcam-status[75072]: [2025-06-19 16:05:48] INFO: System status updated for user 65aa2e2a-e463-424d-b88f-0724bb0bea3a
Jun 19 16:05:50 raspberrypi smartcam[75070]: 2025-06-19 16:05:50,887 - INFO - HTTP Request: POST https://iszmsaayxpdrovealrrp.supabase.co/rest/v1/cameras "HTTP/1.1 200 OK"
Jun 19 16:05:52 raspberrypi smartcam-manager[75071]: [2025-06-19 16:05:52] INFO: HTTP Request: GET https://iszmsaayxpdrovealrrp.supabase.co/rest/v1/cameras?select=%2A "HTTP/1.1 200 OK"
Jun 19 16:05:52 raspberrypi smartcam-manager[75071]: [DEBUG] Attempting to initialize Picamera2...
Jun 19 16:05:52 raspberrypi smartcam-manager[75071]: [2025-06-19 16:05:52] INFO: Initialization successful.
Jun 19 16:05:52 raspberrypi smartcam-manager[75071]: [1:53:57.986457807] [75071]  INFO Camera camera.cpp:1011 Pipeline handler in use by another process
Jun 19 16:05:52 raspberrypi smartcam-manager[75071]: [2025-06-19 16:05:52] ERROR: Camera __init__ sequence did not complete.
Jun 19 16:05:52 raspberrypi smartcam-manager[75071]: [CameraInterface] Picamera2 not available or failed: Camera __init__ sequence did not complete.
Jun 19 16:05:52 raspberrypi smartcam-manager[75071]: Traceback (most recent call last):
Jun 19 16:05:52 raspberrypi smartcam-manager[75071]:   File "/usr/lib/python3/dist-packages/picamera2/picamera2.py", line 293, in __init__
Jun 19 16:05:52 raspberrypi smartcam-manager[75071]:     self._open_camera()
Jun 19 16:05:52 raspberrypi smartcam-manager[75071]:   File "/usr/lib/python3/dist-packages/picamera2/picamera2.py", line 505, in _open_camera
Jun 19 16:05:52 raspberrypi smartcam-manager[75071]:     self.camera.acquire()
Jun 19 16:05:52 raspberrypi smartcam-manager[75071]: RuntimeError: Failed to acquire camera: Device or resource busy
Jun 19 16:05:52 raspberrypi smartcam-manager[75071]: During handling of the above exception, another exception occurred:
Jun 19 16:05:52 raspberrypi smartcam-manager[75071]: Traceback (most recent call last):
Jun 19 16:05:52 raspberrypi smartcam-manager[75071]:   File "/home/michomanoly14892/code/SmartCam-Soccer/backend/src/camera_interface.py", line 38, in _detect_camera
Jun 19 16:05:52 raspberrypi smartcam-manager[75071]:     self.picam = Picamera2()
Jun 19 16:05:52 raspberrypi smartcam-manager[75071]:                  ^^^^^^^^^^^
Jun 19 16:05:52 raspberrypi smartcam-manager[75071]:   File "/usr/lib/python3/dist-packages/picamera2/picamera2.py", line 305, in __init__
Jun 19 16:05:52 raspberrypi smartcam-manager[75071]:     raise RuntimeError("Camera __init__ sequence did not complete.")
Jun 19 16:05:52 raspberrypi smartcam-manager[75071]: RuntimeError: Camera __init__ sequence did not complete.
Jun 19 16:05:52 raspberrypi smartcam-manager[75071]: [ WARN:0@153.217] global cap_v4l.cpp:982 open VIDEOIO(V4L2:/dev/video1): can't open camera by index
Jun 19 16:05:52 raspberrypi smartcam-manager[75071]: [ WARN:0@153.217] global obsensor_stream_channel_v4l2.cpp:82 xioctl ioctl: fd=46, req=-2140645888
Jun 19 16:05:52 raspberrypi smartcam-manager[75071]: [ WARN:0@153.217] global obsensor_stream_channel_v4l2.cpp:138 queryUvcDeviceInfoList ioctl error return: 25
Jun 19 16:05:52 raspberrypi smartcam-manager[75071]: [ WARN:0@153.217] global obsensor_stream_channel_v4l2.cpp:82 xioctl ioctl: fd=46, req=-2140645888
Jun 19 16:05:52 raspberrypi smartcam-manager[75071]: [ WARN:0@153.217] global obsensor_stream_channel_v4l2.cpp:138 queryUvcDeviceInfoList ioctl error return: 25
Jun 19 16:05:52 raspberrypi smartcam-manager[75071]: [ WARN:0@153.217] global obsensor_stream_channel_v4l2.cpp:82 xioctl ioctl: fd=46, req=-2140645888
Jun 19 16:05:52 raspberrypi smartcam-manager[75071]: [ WARN:0@153.217] global obsensor_stream_channel_v4l2.cpp:138 queryUvcDeviceInfoList ioctl error return: 25
Jun 19 16:05:52 raspberrypi smartcam-manager[75071]: [ERROR:0@153.218] global obsensor_uvc_stream_channel.cpp:156 getStreamChannelGroup Camera index out of range
Jun 19 16:05:52 raspberrypi smartcam-manager[75071]: [ WARN:0@153.220] global cap_v4l.cpp:982 open VIDEOIO(V4L2:/dev/video4): can't open camera by index
Jun 19 16:05:52 raspberrypi smartcam-manager[75071]: [ WARN:0@153.220] global obsensor_stream_channel_v4l2.cpp:82 xioctl ioctl: fd=46, req=-2140645888
Jun 19 16:05:52 raspberrypi smartcam-manager[75071]: [ WARN:0@153.220] global obsensor_stream_channel_v4l2.cpp:138 queryUvcDeviceInfoList ioctl error return: 25
Jun 19 16:05:52 raspberrypi smartcam-manager[75071]: [ WARN:0@153.220] global obsensor_stream_channel_v4l2.cpp:82 xioctl ioctl: fd=46, req=-2140645888
Jun 19 16:05:52 raspberrypi smartcam-manager[75071]: [ WARN:0@153.220] global obsensor_stream_channel_v4l2.cpp:138 queryUvcDeviceInfoList ioctl error return: 25
Jun 19 16:05:52 raspberrypi smartcam-manager[75071]: [ WARN:0@153.221] global obsensor_stream_channel_v4l2.cpp:82 xioctl ioctl: fd=46, req=-2140645888
Jun 19 16:05:52 raspberrypi smartcam-manager[75071]: [ WARN:0@153.221] global obsensor_stream_channel_v4l2.cpp:138 queryUvcDeviceInfoList ioctl error return: 25
Jun 19 16:05:52 raspberrypi smartcam-manager[75071]: [ERROR:0@153.221] global obsensor_uvc_stream_channel.cpp:156 getStreamChannelGroup Camera index out of range
Jun 19 16:05:52 raspberrypi smartcam-manager[75071]: [ WARN:0@153.222] global cap_v4l.cpp:982 open VIDEOIO(V4L2:/dev/video6): can't open camera by index
Jun 19 16:05:52 raspberrypi smartcam-manager[75071]: [ WARN:0@153.223] global obsensor_stream_channel_v4l2.cpp:82 xioctl ioctl: fd=46, req=-2140645888
Jun 19 16:05:52 raspberrypi smartcam-manager[75071]: [ WARN:0@153.223] global obsensor_stream_channel_v4l2.cpp:138 queryUvcDeviceInfoList ioctl error return: 25
Jun 19 16:05:52 raspberrypi smartcam-manager[75071]: [ WARN:0@153.223] global obsensor_stream_channel_v4l2.cpp:82 xioctl ioctl: fd=46, req=-2140645888
Jun 19 16:05:52 raspberrypi smartcam-manager[75071]: [ WARN:0@153.223] global obsensor_stream_channel_v4l2.cpp:138 queryUvcDeviceInfoList ioctl error return: 25
Jun 19 16:05:52 raspberrypi smartcam-manager[75071]: [ WARN:0@153.223] global obsensor_stream_channel_v4l2.cpp:82 xioctl ioctl: fd=46, req=-2140645888
Jun 19 16:05:52 raspberrypi smartcam-manager[75071]: [ WARN:0@153.223] global obsensor_stream_channel_v4l2.cpp:138 queryUvcDeviceInfoList ioctl error return: 25
Jun 19 16:05:52 raspberrypi smartcam-manager[75071]: [ERROR:0@153.224] global obsensor_uvc_stream_channel.cpp:156 getStreamChannelGroup Camera index out of range
Jun 19 16:05:52 raspberrypi smartcam-manager[75071]: [ WARN:0@153.224] global cap_v4l.cpp:982 open VIDEOIO(V4L2:/dev/video7): can't open camera by index
Jun 19 16:05:52 raspberrypi smartcam-manager[75071]: [ WARN:0@153.224] global obsensor_stream_channel_v4l2.cpp:82 xioctl ioctl: fd=46, req=-2140645888
Jun 19 16:05:52 raspberrypi smartcam-manager[75071]: [ WARN:0@153.224] global obsensor_stream_channel_v4l2.cpp:138 queryUvcDeviceInfoList ioctl error return: 25
Jun 19 16:05:52 raspberrypi smartcam-manager[75071]: [ WARN:0@153.224] global obsensor_stream_channel_v4l2.cpp:82 xioctl ioctl: fd=46, req=-2140645888
Jun 19 16:05:52 raspberrypi smartcam-manager[75071]: [ WARN:0@153.224] global obsensor_stream_channel_v4l2.cpp:138 queryUvcDeviceInfoList ioctl error return: 25
Jun 19 16:05:52 raspberrypi smartcam-manager[75071]: [ WARN:0@153.224] global obsensor_stream_channel_v4l2.cpp:82 xioctl ioctl: fd=46, req=-2140645888
Jun 19 16:05:52 raspberrypi smartcam-manager[75071]: [ WARN:0@153.224] global obsensor_stream_channel_v4l2.cpp:138 queryUvcDeviceInfoList ioctl error return: 25
Jun 19 16:05:52 raspberrypi smartcam-manager[75071]: [ERROR:0@153.225] global obsensor_uvc_stream_channel.cpp:156 getStreamChannelGroup Camera index out of range
Jun 19 16:05:52 raspberrypi smartcam-manager[75071]: [2025-06-19 16:05:52] ERROR: Error checking camera status: No working camera found (neither Pi Camera nor USB camera)
Jun 19 16:05:52 raspberrypi smartcam-manager[75071]: [2025-06-19 16:05:52] INFO: HTTP Request: PATCH https://iszmsaayxpdrovealrrp.supabase.co/rest/v1/cameras?id=eq.4145cb23-5d3e-4210-958f-a2ed5dbcaabd "HTTP/1.1 200 OK"
Jun 19 16:05:52 raspberrypi smartcam-manager[75071]: [2025-06-19 16:05:52] INFO: Updated status for camera 4145cb23-5d3e-4210-958f-a2ed5dbcaabd: offline
Jun 19 16:05:52 raspberrypi smartcam-manager[75071]: [DEBUG] Attempting to initialize Picamera2...
Jun 19 16:05:52 raspberrypi smartcam-manager[75071]: [2025-06-19 16:05:52] INFO: Initialization successful.
Jun 19 16:05:52 raspberrypi smartcam-manager[75071]: [1:53:58.109738334] [75071]  INFO Camera camera.cpp:1011 Pipeline handler in use by another process
Jun 19 16:05:52 raspberrypi smartcam-manager[75071]: [2025-06-19 16:05:52] ERROR: Camera __init__ sequence did not complete.
Jun 19 16:05:52 raspberrypi smartcam-manager[75071]: [CameraInterface] Picamera2 not available or failed: Camera __init__ sequence did not complete.
Jun 19 16:05:52 raspberrypi smartcam-manager[75071]: Traceback (most recent call last):
Jun 19 16:05:52 raspberrypi smartcam-manager[75071]:   File "/usr/lib/python3/dist-packages/picamera2/picamera2.py", line 293, in __init__
Jun 19 16:05:52 raspberrypi smartcam-manager[75071]:     self._open_camera()
Jun 19 16:05:52 raspberrypi smartcam-manager[75071]:   File "/usr/lib/python3/dist-packages/picamera2/picamera2.py", line 505, in _open_camera
Jun 19 16:05:52 raspberrypi smartcam-manager[75071]:     self.camera.acquire()
Jun 19 16:05:52 raspberrypi smartcam-manager[75071]: RuntimeError: Failed to acquire camera: Device or resource busy
Jun 19 16:05:52 raspberrypi smartcam-manager[75071]: During handling of the above exception, another exception occurred:
Jun 19 16:05:52 raspberrypi smartcam-manager[75071]: Traceback (most recent call last):
Jun 19 16:05:52 raspberrypi smartcam-manager[75071]:   File "/home/michomanoly14892/code/SmartCam-Soccer/backend/src/camera_interface.py", line 38, in _detect_camera
Jun 19 16:05:52 raspberrypi smartcam-manager[75071]:     self.picam = Picamera2()
Jun 19 16:05:52 raspberrypi smartcam-manager[75071]:                  ^^^^^^^^^^^
Jun 19 16:05:52 raspberrypi smartcam-manager[75071]:   File "/usr/lib/python3/dist-packages/picamera2/picamera2.py", line 305, in __init__
Jun 19 16:05:52 raspberrypi smartcam-manager[75071]:     raise RuntimeError("Camera __init__ sequence did not complete.")
Jun 19 16:05:52 raspberrypi smartcam-manager[75071]: RuntimeError: Camera __init__ sequence did not complete.
Jun 19 16:05:52 raspberrypi smartcam-manager[75071]: [ WARN:0@153.344] global cap_v4l.cpp:982 open VIDEOIO(V4L2:/dev/video1): can't open camera by index
Jun 19 16:05:52 raspberrypi smartcam-manager[75071]: [ WARN:0@153.345] global obsensor_stream_channel_v4l2.cpp:82 xioctl ioctl: fd=48, req=-2140645888
Jun 19 16:05:52 raspberrypi smartcam-manager[75071]: [ WARN:0@153.345] global obsensor_stream_channel_v4l2.cpp:138 queryUvcDeviceInfoList ioctl error return: 25
Jun 19 16:05:52 raspberrypi smartcam-manager[75071]: [ WARN:0@153.345] global obsensor_stream_channel_v4l2.cpp:82 xioctl ioctl: fd=48, req=-2140645888
Jun 19 16:05:52 raspberrypi smartcam-manager[75071]: [ WARN:0@153.345] global obsensor_stream_channel_v4l2.cpp:138 queryUvcDeviceInfoList ioctl error return: 25
Jun 19 16:05:52 raspberrypi smartcam-manager[75071]: [ WARN:0@153.345] global obsensor_stream_channel_v4l2.cpp:82 xioctl ioctl: fd=48, req=-2140645888
Jun 19 16:05:52 raspberrypi smartcam-manager[75071]: [ WARN:0@153.345] global obsensor_stream_channel_v4l2.cpp:138 queryUvcDeviceInfoList ioctl error return: 25
Jun 19 16:05:52 raspberrypi smartcam-manager[75071]: [ERROR:0@153.346] global obsensor_uvc_stream_channel.cpp:156 getStreamChannelGroup Camera index out of range
Jun 19 16:05:52 raspberrypi smartcam-manager[75071]: [ WARN:0@153.349] global cap_v4l.cpp:982 open VIDEOIO(V4L2:/dev/video4): can't open camera by index
Jun 19 16:05:52 raspberrypi smartcam-manager[75071]: [ WARN:0@153.350] global obsensor_stream_channel_v4l2.cpp:82 xioctl ioctl: fd=48, req=-2140645888
Jun 19 16:05:52 raspberrypi smartcam-manager[75071]: [ WARN:0@153.350] global obsensor_stream_channel_v4l2.cpp:138 queryUvcDeviceInfoList ioctl error return: 25
Jun 19 16:05:52 raspberrypi smartcam-manager[75071]: [ WARN:0@153.350] global obsensor_stream_channel_v4l2.cpp:82 xioctl ioctl: fd=48, req=-2140645888
Jun 19 16:05:52 raspberrypi smartcam-manager[75071]: [ WARN:0@153.350] global obsensor_stream_channel_v4l2.cpp:138 queryUvcDeviceInfoList ioctl error return: 25
Jun 19 16:05:52 raspberrypi smartcam-manager[75071]: [ WARN:0@153.350] global obsensor_stream_channel_v4l2.cpp:82 xioctl ioctl: fd=48, req=-2140645888
Jun 19 16:05:52 raspberrypi smartcam-manager[75071]: [ WARN:0@153.350] global obsensor_stream_channel_v4l2.cpp:138 queryUvcDeviceInfoList ioctl error return: 25
Jun 19 16:05:52 raspberrypi smartcam-manager[75071]: [ERROR:0@153.351] global obsensor_uvc_stream_channel.cpp:156 getStreamChannelGroup Camera index out of range
Jun 19 16:05:52 raspberrypi smartcam-manager[75071]: [ WARN:0@153.352] global cap_v4l.cpp:982 open VIDEOIO(V4L2:/dev/video6): can't open camera by index
Jun 19 16:05:52 raspberrypi smartcam-manager[75071]: [ WARN:0@153.353] global obsensor_stream_channel_v4l2.cpp:82 xioctl ioctl: fd=48, req=-2140645888
Jun 19 16:05:52 raspberrypi smartcam-manager[75071]: [ WARN:0@153.353] global obsensor_stream_channel_v4l2.cpp:138 queryUvcDeviceInfoList ioctl error return: 25
Jun 19 16:05:52 raspberrypi smartcam-manager[75071]: [ WARN:0@153.353] global obsensor_stream_channel_v4l2.cpp:82 xioctl ioctl: fd=48, req=-2140645888
Jun 19 16:05:52 raspberrypi smartcam-manager[75071]: [ WARN:0@153.353] global obsensor_stream_channel_v4l2.cpp:138 queryUvcDeviceInfoList ioctl error return: 25
Jun 19 16:05:52 raspberrypi smartcam-manager[75071]: [ WARN:0@153.354] global obsensor_stream_channel_v4l2.cpp:82 xioctl ioctl: fd=48, req=-2140645888
Jun 19 16:05:52 raspberrypi smartcam-manager[75071]: [ WARN:0@153.354] global obsensor_stream_channel_v4l2.cpp:138 queryUvcDeviceInfoList ioctl error return: 25
Jun 19 16:05:52 raspberrypi smartcam-manager[75071]: [ERROR:0@153.355] global obsensor_uvc_stream_channel.cpp:156 getStreamChannelGroup Camera index out of range
Jun 19 16:05:52 raspberrypi smartcam-manager[75071]: [ WARN:0@153.355] global cap_v4l.cpp:982 open VIDEOIO(V4L2:/dev/video7): can't open camera by index
Jun 19 16:05:52 raspberrypi smartcam-manager[75071]: [ WARN:0@153.355] global obsensor_stream_channel_v4l2.cpp:82 xioctl ioctl: fd=48, req=-2140645888
Jun 19 16:05:52 raspberrypi smartcam-manager[75071]: [ WARN:0@153.355] global obsensor_stream_channel_v4l2.cpp:138 queryUvcDeviceInfoList ioctl error return: 25
Jun 19 16:05:52 raspberrypi smartcam-manager[75071]: [ WARN:0@153.355] global obsensor_stream_channel_v4l2.cpp:82 xioctl ioctl: fd=48, req=-2140645888
Jun 19 16:05:52 raspberrypi smartcam-manager[75071]: [ WARN:0@153.355] global obsensor_stream_channel_v4l2.cpp:138 queryUvcDeviceInfoList ioctl error return: 25
Jun 19 16:05:52 raspberrypi smartcam-manager[75071]: [ WARN:0@153.355] global obsensor_stream_channel_v4l2.cpp:82 xioctl ioctl: fd=48, req=-2140645888
Jun 19 16:05:52 raspberrypi smartcam-manager[75071]: [ WARN:0@153.356] global obsensor_stream_channel_v4l2.cpp:138 queryUvcDeviceInfoList ioctl error return: 25
Jun 19 16:05:52 raspberrypi smartcam-manager[75071]: [ERROR:0@153.357] global obsensor_uvc_stream_channel.cpp:156 getStreamChannelGroup Camera index out of range
Jun 19 16:05:52 raspberrypi smartcam-manager[75071]: [2025-06-19 16:05:52] ERROR: Error checking camera status: No working camera found (neither Pi Camera nor USB camera)
Jun 19 16:05:52 raspberrypi smartcam-manager[75071]: [2025-06-19 16:05:52] INFO: HTTP Request: PATCH https://iszmsaayxpdrovealrrp.supabase.co/rest/v1/cameras?id=eq.b5b0eb67-d1c6-4634-b2e6-4412c57ef49f "HTTP/1.1 200 OK"
Jun 19 16:05:52 raspberrypi smartcam-manager[75071]: [2025-06-19 16:05:52] INFO: Updated status for camera b5b0eb67-d1c6-4634-b2e6-4412c57ef49f: offline
Jun 19 16:05:56 raspberrypi smartcam-status[75072]: [2025-06-19 16:05:56] INFO: HTTP Request: GET https://iszmsaayxpdrovealrrp.supabase.co/rest/v1/system_status?select=%2A&user_id=eq.65aa2e2a-e463-424d-b88f-0724bb0bea3a "HTTP/1.1 200 OK"
Jun 19 16:05:56 raspberrypi smartcam-status[75072]: [2025-06-19 16:05:56] INFO: HTTP Request: PATCH https://iszmsaayxpdrovealrrp.supabase.co/rest/v1/system_status?user_id=eq.65aa2e2a-e463-424d-b88f-0724bb0bea3a "HTTP/1.1 200 OK"
Jun 19 16:05:56 raspberrypi smartcam-status[75072]: [2025-06-19 16:05:56] INFO: System status updated for user 65aa2e2a-e463-424d-b88f-0724bb0bea3a
Jun 19 16:06:01 raspberrypi smartcam[75070]: 2025-06-19 16:06:01,772 - INFO - HTTP Request: PATCH https://iszmsaayxpdrovealrrp.supabase.co/rest/v1/system_status?user_id=eq.65aa2e2a-e463-424d-b88f-0724bb0bea3a "HTTP/1.1 200 OK"
Jun 19 16:06:01 raspberrypi smartcam[75070]: [Heartbeat] Sent successfully
Jun 19 16:06:03 raspberrypi smartcam-status[75072]: [2025-06-19 16:06:03] INFO: HTTP Request: GET https://iszmsaayxpdrovealrrp.supabase.co/rest/v1/system_status?select=%2A&user_id=eq.65aa2e2a-e463-424d-b88f-0724bb0bea3a "HTTP/1.1 200 OK"
Jun 19 16:06:03 raspberrypi smartcam-status[75072]: [2025-06-19 16:06:03] INFO: HTTP Request: PATCH https://iszmsaayxpdrovealrrp.supabase.co/rest/v1/system_status?user_id=eq.65aa2e2a-e463-424d-b88f-0724bb0bea3a "HTTP/1.1 200 OK"
Jun 19 16:06:03 raspberrypi smartcam-status[75072]: [2025-06-19 16:06:03] INFO: System status updated for user 65aa2e2a-e463-424d-b88f-0724bb0bea3a
Jun 19 16:06:05 raspberrypi smartcam[75070]: 2025-06-19 16:06:05,885 - INFO - HTTP Request: POST https://iszmsaayxpdrovealrrp.supabase.co/rest/v1/cameras "HTTP/1.1 200 OK"
Jun 19 16:06:10 raspberrypi smartcam-status[75072]: [2025-06-19 16:06:10] INFO: HTTP Request: GET https://iszmsaayxpdrovealrrp.supabase.co/rest/v1/system_status?select=%2A&user_id=eq.65aa2e2a-e463-424d-b88f-0724bb0bea3a "HTTP/1.1 200 OK"
Jun 19 16:06:10 raspberrypi smartcam-status[75072]: [2025-06-19 16:06:10] INFO: HTTP Request: PATCH https://iszmsaayxpdrovealrrp.supabase.co/rest/v1/system_status?user_id=eq.65aa2e2a-e463-424d-b88f-0724bb0bea3a "HTTP/1.1 200 OK"
Jun 19 16:06:10 raspberrypi smartcam-status[75072]: [2025-06-19 16:06:10] INFO: System status updated for user 65aa2e2a-e463-424d-b88f-0724bb0bea3a
Jun 19 16:06:18 raspberrypi smartcam-status[75072]: [2025-06-19 16:06:18] INFO: HTTP Request: GET https://iszmsaayxpdrovealrrp.supabase.co/rest/v1/system_status?select=%2A&user_id=eq.65aa2e2a-e463-424d-b88f-0724bb0bea3a "HTTP/1.1 200 OK"
Jun 19 16:06:18 raspberrypi smartcam-status[75072]: [2025-06-19 16:06:18] INFO: HTTP Request: PATCH https://iszmsaayxpdrovealrrp.supabase.co/rest/v1/system_status?user_id=eq.65aa2e2a-e463-424d-b88f-0724bb0bea3a "HTTP/1.1 200 OK"
Jun 19 16:06:18 raspberrypi smartcam-status[75072]: [2025-06-19 16:06:18] INFO: System status updated for user 65aa2e2a-e463-424d-b88f-0724bb0bea3a
Jun 19 16:06:20 raspberrypi smartcam[75070]: 2025-06-19 16:06:20,400 - INFO - HTTP Request: GET https://iszmsaayxpdrovealrrp.supabase.co/rest/v1/bookings?select=%2A&user_id=eq.65aa2e2a-e463-424d-b88f-0724bb0bea3a&date=eq.2025-06-19&end_time=gte.16%3A06&order=start_time "HTTP/1.1 200 OK"
Jun 19 16:06:20 raspberrypi smartcam[75070]: 2025-06-19 16:06:20,516 - INFO - HTTP Request: GET https://iszmsaayxpdrovealrrp.supabase.co/rest/v1/bookings?select=%2A&user_id=eq.65aa2e2a-e463-424d-b88f-0724bb0bea3a&date=gt.2025-06-19&order=date&order=start_time "HTTP/1.1 200 OK"
Jun 19 16:06:20 raspberrypi smartcam[75070]: 2025-06-19 16:06:20,516 - INFO - No active booking, stopping recording.
Jun 19 16:06:20 raspberrypi smartcam[75070]: 2025-06-19 16:06:20,520 - INFO - Camera stopped
Jun 19 16:06:21 raspberrypi smartcam[75070]: 2025-06-19 16:06:21,021 - INFO - Memory usage: 8.9%, CPU usage: 0.0%
Jun 19 16:06:21 raspberrypi smartcam[75070]: 2025-06-19 16:06:21,021 - INFO - Updating system status: is_recording=False, is_streaming=False, storage_used=0, last_backup=None, mem=8.9, cpu=0.0
Jun 19 16:06:21 raspberrypi smartcam[75070]: 2025-06-19 16:06:21,262 - INFO - HTTP Request: POST https://iszmsaayxpdrovealrrp.supabase.co/rest/v1/system_status "HTTP/1.1 201 Created"
Jun 19 16:06:21 raspberrypi smartcam[75070]: 2025-06-19 16:06:21,263 - INFO - System status updated successfully
Jun 19 16:06:21 raspberrypi smartcam[75070]: [CameraInterface] Stopped recording: temp/recording_20250619_160320.mp4
Jun 19 16:06:21 raspberrypi smartcam[75070]: 2025-06-19 16:06:21,362 - INFO - HTTP Request: PATCH https://iszmsaayxpdrovealrrp.supabase.co/rest/v1/system_status?user_id=eq.65aa2e2a-e463-424d-b88f-0724bb0bea3a "HTTP/1.1 200 OK"
Jun 19 16:06:21 raspberrypi smartcam[75070]: [Heartbeat] Sent successfully
Jun 19 16:06:21 raspberrypi smartcam[75070]: 2025-06-19 16:06:21,867 - INFO - HTTP Request: PATCH https://iszmsaayxpdrovealrrp.supabase.co/rest/v1/system_status?user_id=eq.65aa2e2a-e463-424d-b88f-0724bb0bea3a "HTTP/1.1 200 OK"
Jun 19 16:06:21 raspberrypi smartcam[75070]: [Heartbeat] Sent successfully
Jun 19 16:06:22 raspberrypi smartcam-manager[75071]: [2025-06-19 16:06:22] INFO: HTTP Request: GET https://iszmsaayxpdrovealrrp.supabase.co/rest/v1/cameras?select=%2A "HTTP/1.1 200 OK"
Jun 19 16:06:22 raspberrypi smartcam-manager[75071]: [DEBUG] Attempting to initialize Picamera2...
Jun 19 16:06:22 raspberrypi smartcam-manager[75071]: [2025-06-19 16:06:22] INFO: Initialization successful.
Jun 19 16:06:22 raspberrypi smartcam-manager[75071]: [1:54:28.551027501] [75071]  INFO Camera camera.cpp:1011 Pipeline handler in use by another process
Jun 19 16:06:22 raspberrypi smartcam-manager[75071]: [2025-06-19 16:06:22] ERROR: Camera __init__ sequence did not complete.
Jun 19 16:06:22 raspberrypi smartcam-manager[75071]: [CameraInterface] Picamera2 not available or failed: Camera __init__ sequence did not complete.
Jun 19 16:06:22 raspberrypi smartcam-manager[75071]: Traceback (most recent call last):
Jun 19 16:06:22 raspberrypi smartcam-manager[75071]:   File "/usr/lib/python3/dist-packages/picamera2/picamera2.py", line 293, in __init__
Jun 19 16:06:22 raspberrypi smartcam-manager[75071]:     self._open_camera()
Jun 19 16:06:22 raspberrypi smartcam-manager[75071]:   File "/usr/lib/python3/dist-packages/picamera2/picamera2.py", line 505, in _open_camera
Jun 19 16:06:22 raspberrypi smartcam-manager[75071]:     self.camera.acquire()
Jun 19 16:06:22 raspberrypi smartcam-manager[75071]: RuntimeError: Failed to acquire camera: Device or resource busy
Jun 19 16:06:22 raspberrypi smartcam-manager[75071]: During handling of the above exception, another exception occurred:
Jun 19 16:06:22 raspberrypi smartcam-manager[75071]: Traceback (most recent call last):
Jun 19 16:06:22 raspberrypi smartcam-manager[75071]:   File "/home/michomanoly14892/code/SmartCam-Soccer/backend/src/camera_interface.py", line 38, in _detect_camera
Jun 19 16:06:22 raspberrypi smartcam-manager[75071]:     self.picam = Picamera2()
Jun 19 16:06:22 raspberrypi smartcam-manager[75071]:                  ^^^^^^^^^^^
Jun 19 16:06:22 raspberrypi smartcam-manager[75071]:   File "/usr/lib/python3/dist-packages/picamera2/picamera2.py", line 305, in __init__
Jun 19 16:06:22 raspberrypi smartcam-manager[75071]:     raise RuntimeError("Camera __init__ sequence did not complete.")
Jun 19 16:06:22 raspberrypi smartcam-manager[75071]: RuntimeError: Camera __init__ sequence did not complete.
Jun 19 16:06:22 raspberrypi smartcam-manager[75071]: [ WARN:0@183.782] global cap_v4l.cpp:982 open VIDEOIO(V4L2:/dev/video1): can't open camera by index
Jun 19 16:06:22 raspberrypi smartcam-manager[75071]: [ WARN:0@183.782] global obsensor_stream_channel_v4l2.cpp:82 xioctl ioctl: fd=50, req=-2140645888
Jun 19 16:06:22 raspberrypi smartcam-manager[75071]: [ WARN:0@183.782] global obsensor_stream_channel_v4l2.cpp:138 queryUvcDeviceInfoList ioctl error return: 25
Jun 19 16:06:22 raspberrypi smartcam-manager[75071]: [ WARN:0@183.782] global obsensor_stream_channel_v4l2.cpp:82 xioctl ioctl: fd=50, req=-2140645888
Jun 19 16:06:22 raspberrypi smartcam-manager[75071]: [ WARN:0@183.782] global obsensor_stream_channel_v4l2.cpp:138 queryUvcDeviceInfoList ioctl error return: 25
Jun 19 16:06:22 raspberrypi smartcam-manager[75071]: [ WARN:0@183.782] global obsensor_stream_channel_v4l2.cpp:82 xioctl ioctl: fd=50, req=-2140645888
Jun 19 16:06:22 raspberrypi smartcam-manager[75071]: [ WARN:0@183.782] global obsensor_stream_channel_v4l2.cpp:138 queryUvcDeviceInfoList ioctl error return: 25
Jun 19 16:06:22 raspberrypi smartcam-manager[75071]: [ERROR:0@183.784] global obsensor_uvc_stream_channel.cpp:156 getStreamChannelGroup Camera index out of range
Jun 19 16:06:22 raspberrypi smartcam-manager[75071]: [ WARN:0@183.786] global cap_v4l.cpp:982 open VIDEOIO(V4L2:/dev/video4): can't open camera by index
Jun 19 16:06:22 raspberrypi smartcam-manager[75071]: [ WARN:0@183.786] global obsensor_stream_channel_v4l2.cpp:82 xioctl ioctl: fd=50, req=-2140645888
Jun 19 16:06:22 raspberrypi smartcam-manager[75071]: [ WARN:0@183.786] global obsensor_stream_channel_v4l2.cpp:138 queryUvcDeviceInfoList ioctl error return: 25
Jun 19 16:06:22 raspberrypi smartcam-manager[75071]: [ WARN:0@183.786] global obsensor_stream_channel_v4l2.cpp:82 xioctl ioctl: fd=50, req=-2140645888
Jun 19 16:06:22 raspberrypi smartcam-manager[75071]: [ WARN:0@183.786] global obsensor_stream_channel_v4l2.cpp:138 queryUvcDeviceInfoList ioctl error return: 25
Jun 19 16:06:22 raspberrypi smartcam-manager[75071]: [ WARN:0@183.787] global obsensor_stream_channel_v4l2.cpp:82 xioctl ioctl: fd=50, req=-2140645888
Jun 19 16:06:22 raspberrypi smartcam-manager[75071]: [ WARN:0@183.787] global obsensor_stream_channel_v4l2.cpp:138 queryUvcDeviceInfoList ioctl error return: 25
Jun 19 16:06:22 raspberrypi smartcam-manager[75071]: [ERROR:0@183.788] global obsensor_uvc_stream_channel.cpp:156 getStreamChannelGroup Camera index out of range
Jun 19 16:06:22 raspberrypi smartcam-manager[75071]: [ WARN:0@183.789] global cap_v4l.cpp:982 open VIDEOIO(V4L2:/dev/video6): can't open camera by index
Jun 19 16:06:22 raspberrypi smartcam-manager[75071]: [ WARN:0@183.789] global obsensor_stream_channel_v4l2.cpp:82 xioctl ioctl: fd=50, req=-2140645888
Jun 19 16:06:22 raspberrypi smartcam-manager[75071]: [ WARN:0@183.789] global obsensor_stream_channel_v4l2.cpp:138 queryUvcDeviceInfoList ioctl error return: 25
Jun 19 16:06:22 raspberrypi smartcam-manager[75071]: [ WARN:0@183.789] global obsensor_stream_channel_v4l2.cpp:82 xioctl ioctl: fd=50, req=-2140645888
Jun 19 16:06:22 raspberrypi smartcam-manager[75071]: [ WARN:0@183.789] global obsensor_stream_channel_v4l2.cpp:138 queryUvcDeviceInfoList ioctl error return: 25
Jun 19 16:06:22 raspberrypi smartcam-manager[75071]: [ WARN:0@183.789] global obsensor_stream_channel_v4l2.cpp:82 xioctl ioctl: fd=50, req=-2140645888
Jun 19 16:06:22 raspberrypi smartcam-manager[75071]: [ WARN:0@183.789] global obsensor_stream_channel_v4l2.cpp:138 queryUvcDeviceInfoList ioctl error return: 25
Jun 19 16:06:22 raspberrypi smartcam-manager[75071]: [ERROR:0@183.791] global obsensor_uvc_stream_channel.cpp:156 getStreamChannelGroup Camera index out of range
Jun 19 16:06:22 raspberrypi smartcam-manager[75071]: [ WARN:0@183.791] global cap_v4l.cpp:982 open VIDEOIO(V4L2:/dev/video7): can't open camera by index
Jun 19 16:06:22 raspberrypi smartcam-manager[75071]: [ WARN:0@183.791] global obsensor_stream_channel_v4l2.cpp:82 xioctl ioctl: fd=50, req=-2140645888
Jun 19 16:06:22 raspberrypi smartcam-manager[75071]: [ WARN:0@183.791] global obsensor_stream_channel_v4l2.cpp:138 queryUvcDeviceInfoList ioctl error return: 25
Jun 19 16:06:22 raspberrypi smartcam-manager[75071]: [ WARN:0@183.791] global obsensor_stream_channel_v4l2.cpp:82 xioctl ioctl: fd=50, req=-2140645888
Jun 19 16:06:22 raspberrypi smartcam-manager[75071]: [ WARN:0@183.791] global obsensor_stream_channel_v4l2.cpp:138 queryUvcDeviceInfoList ioctl error return: 25
Jun 19 16:06:22 raspberrypi smartcam-manager[75071]: [ WARN:0@183.792] global obsensor_stream_channel_v4l2.cpp:82 xioctl ioctl: fd=50, req=-2140645888
Jun 19 16:06:22 raspberrypi smartcam-manager[75071]: [ WARN:0@183.792] global obsensor_stream_channel_v4l2.cpp:138 queryUvcDeviceInfoList ioctl error return: 25
Jun 19 16:06:22 raspberrypi smartcam-manager[75071]: [ERROR:0@183.793] global obsensor_uvc_stream_channel.cpp:156 getStreamChannelGroup Camera index out of range
Jun 19 16:06:22 raspberrypi smartcam-manager[75071]: [2025-06-19 16:06:22] ERROR: Error checking camera status: No working camera found (neither Pi Camera nor USB camera)
Jun 19 16:06:22 raspberrypi smartcam-manager[75071]: [2025-06-19 16:06:22] INFO: HTTP Request: PATCH https://iszmsaayxpdrovealrrp.supabase.co/rest/v1/cameras?id=eq.4145cb23-5d3e-4210-958f-a2ed5dbcaabd "HTTP/1.1 200 OK"
Jun 19 16:06:22 raspberrypi smartcam-manager[75071]: [2025-06-19 16:06:22] INFO: Updated status for camera 4145cb23-5d3e-4210-958f-a2ed5dbcaabd: offline
Jun 19 16:06:22 raspberrypi smartcam-manager[75071]: [DEBUG] Attempting to initialize Picamera2...
Jun 19 16:06:22 raspberrypi smartcam-manager[75071]: [2025-06-19 16:06:22] INFO: Initialization successful.
Jun 19 16:06:22 raspberrypi smartcam-manager[75071]: [1:54:28.662242421] [75071]  INFO Camera camera.cpp:1011 Pipeline handler in use by another process
Jun 19 16:06:22 raspberrypi smartcam-manager[75071]: [2025-06-19 16:06:22] ERROR: Camera __init__ sequence did not complete.
Jun 19 16:06:22 raspberrypi smartcam-manager[75071]: [CameraInterface] Picamera2 not available or failed: Camera __init__ sequence did not complete.
Jun 19 16:06:22 raspberrypi smartcam-manager[75071]: Traceback (most recent call last):
Jun 19 16:06:22 raspberrypi smartcam-manager[75071]:   File "/usr/lib/python3/dist-packages/picamera2/picamera2.py", line 293, in __init__
Jun 19 16:06:22 raspberrypi smartcam-manager[75071]:     self._open_camera()
Jun 19 16:06:22 raspberrypi smartcam-manager[75071]:   File "/usr/lib/python3/dist-packages/picamera2/picamera2.py", line 505, in _open_camera
Jun 19 16:06:22 raspberrypi smartcam-manager[75071]:     self.camera.acquire()
Jun 19 16:06:22 raspberrypi smartcam-manager[75071]: RuntimeError: Failed to acquire camera: Device or resource busy
Jun 19 16:06:22 raspberrypi smartcam-manager[75071]: During handling of the above exception, another exception occurred:
Jun 19 16:06:22 raspberrypi smartcam-manager[75071]: Traceback (most recent call last):
Jun 19 16:06:22 raspberrypi smartcam-manager[75071]:   File "/home/michomanoly14892/code/SmartCam-Soccer/backend/src/camera_interface.py", line 38, in _detect_camera
Jun 19 16:06:22 raspberrypi smartcam-manager[75071]:     self.picam = Picamera2()
Jun 19 16:06:22 raspberrypi smartcam-manager[75071]:                  ^^^^^^^^^^^
Jun 19 16:06:22 raspberrypi smartcam-manager[75071]:   File "/usr/lib/python3/dist-packages/picamera2/picamera2.py", line 305, in __init__
Jun 19 16:06:22 raspberrypi smartcam-manager[75071]:     raise RuntimeError("Camera __init__ sequence did not complete.")
Jun 19 16:06:22 raspberrypi smartcam-manager[75071]: RuntimeError: Camera __init__ sequence did not complete.
Jun 19 16:06:22 raspberrypi smartcam-manager[75071]: [ WARN:0@183.893] global cap_v4l.cpp:982 open VIDEOIO(V4L2:/dev/video1): can't open camera by index
Jun 19 16:06:22 raspberrypi smartcam-manager[75071]: [ WARN:0@183.894] global obsensor_stream_channel_v4l2.cpp:82 xioctl ioctl: fd=52, req=-2140645888
Jun 19 16:06:22 raspberrypi smartcam-manager[75071]: [ WARN:0@183.894] global obsensor_stream_channel_v4l2.cpp:138 queryUvcDeviceInfoList ioctl error return: 25
Jun 19 16:06:22 raspberrypi smartcam-manager[75071]: [ WARN:0@183.894] global obsensor_stream_channel_v4l2.cpp:82 xioctl ioctl: fd=52, req=-2140645888
Jun 19 16:06:22 raspberrypi smartcam-manager[75071]: [ WARN:0@183.894] global obsensor_stream_channel_v4l2.cpp:138 queryUvcDeviceInfoList ioctl error return: 25
Jun 19 16:06:22 raspberrypi smartcam-manager[75071]: [ WARN:0@183.894] global obsensor_stream_channel_v4l2.cpp:82 xioctl ioctl: fd=52, req=-2140645888
Jun 19 16:06:22 raspberrypi smartcam-manager[75071]: [ WARN:0@183.894] global obsensor_stream_channel_v4l2.cpp:138 queryUvcDeviceInfoList ioctl error return: 25
Jun 19 16:06:22 raspberrypi smartcam-manager[75071]: [ERROR:0@183.896] global obsensor_uvc_stream_channel.cpp:156 getStreamChannelGroup Camera index out of range
Jun 19 16:06:22 raspberrypi smartcam-manager[75071]: [ WARN:0@183.898] global cap_v4l.cpp:982 open VIDEOIO(V4L2:/dev/video4): can't open camera by index
Jun 19 16:06:22 raspberrypi smartcam-manager[75071]: [ WARN:0@183.899] global obsensor_stream_channel_v4l2.cpp:82 xioctl ioctl: fd=52, req=-2140645888
Jun 19 16:06:22 raspberrypi smartcam-manager[75071]: [ WARN:0@183.899] global obsensor_stream_channel_v4l2.cpp:138 queryUvcDeviceInfoList ioctl error return: 25
Jun 19 16:06:22 raspberrypi smartcam-manager[75071]: [ WARN:0@183.899] global obsensor_stream_channel_v4l2.cpp:82 xioctl ioctl: fd=52, req=-2140645888
Jun 19 16:06:22 raspberrypi smartcam-manager[75071]: [ WARN:0@183.899] global obsensor_stream_channel_v4l2.cpp:138 queryUvcDeviceInfoList ioctl error return: 25
Jun 19 16:06:22 raspberrypi smartcam-manager[75071]: [ WARN:0@183.899] global obsensor_stream_channel_v4l2.cpp:82 xioctl ioctl: fd=52, req=-2140645888
Jun 19 16:06:22 raspberrypi smartcam-manager[75071]: [ WARN:0@183.899] global obsensor_stream_channel_v4l2.cpp:138 queryUvcDeviceInfoList ioctl error return: 25
Jun 19 16:06:22 raspberrypi smartcam-manager[75071]: [ERROR:0@183.900] global obsensor_uvc_stream_channel.cpp:156 getStreamChannelGroup Camera index out of range
Jun 19 16:06:22 raspberrypi smartcam-manager[75071]: [ WARN:0@183.901] global cap_v4l.cpp:982 open VIDEOIO(V4L2:/dev/video6): can't open camera by index
Jun 19 16:06:22 raspberrypi smartcam-manager[75071]: [ WARN:0@183.902] global obsensor_stream_channel_v4l2.cpp:82 xioctl ioctl: fd=52, req=-2140645888
Jun 19 16:06:22 raspberrypi smartcam-manager[75071]: [ WARN:0@183.902] global obsensor_stream_channel_v4l2.cpp:138 queryUvcDeviceInfoList ioctl error return: 25
Jun 19 16:06:22 raspberrypi smartcam-manager[75071]: [ WARN:0@183.902] global obsensor_stream_channel_v4l2.cpp:82 xioctl ioctl: fd=52, req=-2140645888
Jun 19 16:06:22 raspberrypi smartcam-manager[75071]: [ WARN:0@183.902] global obsensor_stream_channel_v4l2.cpp:138 queryUvcDeviceInfoList ioctl error return: 25
Jun 19 16:06:22 raspberrypi smartcam-manager[75071]: [ WARN:0@183.902] global obsensor_stream_channel_v4l2.cpp:82 xioctl ioctl: fd=52, req=-2140645888
Jun 19 16:06:22 raspberrypi smartcam-manager[75071]: [ WARN:0@183.902] global obsensor_stream_channel_v4l2.cpp:138 queryUvcDeviceInfoList ioctl error return: 25
Jun 19 16:06:22 raspberrypi smartcam-manager[75071]: [ERROR:0@183.903] global obsensor_uvc_stream_channel.cpp:156 getStreamChannelGroup Camera index out of range
Jun 19 16:06:22 raspberrypi smartcam-manager[75071]: [ WARN:0@183.903] global cap_v4l.cpp:982 open VIDEOIO(V4L2:/dev/video7): can't open camera by index
Jun 19 16:06:22 raspberrypi smartcam-manager[75071]: [ WARN:0@183.903] global obsensor_stream_channel_v4l2.cpp:82 xioctl ioctl: fd=52, req=-2140645888
Jun 19 16:06:22 raspberrypi smartcam-manager[75071]: [ WARN:0@183.903] global obsensor_stream_channel_v4l2.cpp:138 queryUvcDeviceInfoList ioctl error return: 25
Jun 19 16:06:22 raspberrypi smartcam-manager[75071]: [ WARN:0@183.903] global obsensor_stream_channel_v4l2.cpp:82 xioctl ioctl: fd=52, req=-2140645888
Jun 19 16:06:22 raspberrypi smartcam-manager[75071]: [ WARN:0@183.903] global obsensor_stream_channel_v4l2.cpp:138 queryUvcDeviceInfoList ioctl error return: 25
Jun 19 16:06:22 raspberrypi smartcam-manager[75071]: [ WARN:0@183.903] global obsensor_stream_channel_v4l2.cpp:82 xioctl ioctl: fd=52, req=-2140645888
Jun 19 16:06:22 raspberrypi smartcam-manager[75071]: [ WARN:0@183.903] global obsensor_stream_channel_v4l2.cpp:138 queryUvcDeviceInfoList ioctl error return: 25
Jun 19 16:06:22 raspberrypi smartcam-manager[75071]: [ERROR:0@183.905] global obsensor_uvc_stream_channel.cpp:156 getStreamChannelGroup Camera index out of range
Jun 19 16:06:22 raspberrypi smartcam-manager[75071]: [2025-06-19 16:06:22] ERROR: Error checking camera status: No working camera found (neither Pi Camera nor USB camera)
Jun 19 16:06:22 raspberrypi smartcam-manager[75071]: [2025-06-19 16:06:22] INFO: HTTP Request: PATCH https://iszmsaayxpdrovealrrp.supabase.co/rest/v1/cameras?id=eq.b5b0eb67-d1c6-4634-b2e6-4412c57ef49f "HTTP/1.1 200 OK"
Jun 19 16:06:22 raspberrypi smartcam-manager[75071]: [2025-06-19 16:06:22] INFO: Updated status for camera b5b0eb67-d1c6-4634-b2e6-4412c57ef49f: offline
Jun 19 16:06:25 raspberrypi smartcam-status[75072]: [2025-06-19 16:06:25] INFO: HTTP Request: GET https://iszmsaayxpdrovealrrp.supabase.co/rest/v1/system_status?select=%2A&user_id=eq.65aa2e2a-e463-424d-b88f-0724bb0bea3a "HTTP/1.1 200 OK"
Jun 19 16:06:25 raspberrypi smartcam-status[75072]: [2025-06-19 16:06:25] INFO: HTTP Request: PATCH https://iszmsaayxpdrovealrrp.supabase.co/rest/v1/system_status?user_id=eq.65aa2e2a-e463-424d-b88f-0724bb0bea3a "HTTP/1.1 200 OK"
Jun 19 16:06:25 raspberrypi smartcam-status[75072]: [2025-06-19 16:06:25] INFO: System status updated for user 65aa2e2a-e463-424d-b88f-0724bb0bea3a
Jun 19 16:06:32 raspberrypi smartcam-status[75072]: [2025-06-19 16:06:32] INFO: HTTP Request: GET https://iszmsaayxpdrovealrrp.supabase.co/rest/v1/system_status?select=%2A&user_id=eq.65aa2e2a-e463-424d-b88f-0724bb0bea3a "HTTP/1.1 200 OK"
Jun 19 16:06:32 raspberrypi smartcam-status[75072]: [2025-06-19 16:06:32] INFO: HTTP Request: PATCH https://iszmsaayxpdrovealrrp.supabase.co/rest/v1/system_status?user_id=eq.65aa2e2a-e463-424d-b88f-0724bb0bea3a "HTTP/1.1 200 OK"
Jun 19 16:06:32 raspberrypi smartcam-status[75072]: [2025-06-19 16:06:32] INFO: System status updated for user 65aa2e2a-e463-424d-b88f-0724bb0bea3a
Jun 19 16:06:40 raspberrypi smartcam-status[75072]: [2025-06-19 16:06:40] INFO: HTTP Request: GET https://iszmsaayxpdrovealrrp.supabase.co/rest/v1/system_status?select=%2A&user_id=eq.65aa2e2a-e463-424d-b88f-0724bb0bea3a "HTTP/1.1 200 OK"
Jun 19 16:06:40 raspberrypi smartcam-status[75072]: [2025-06-19 16:06:40] INFO: HTTP Request: PATCH https://iszmsaayxpdrovealrrp.supabase.co/rest/v1/system_status?user_id=eq.65aa2e2a-e463-424d-b88f-0724bb0bea3a "HTTP/1.1 200 OK"
Jun 19 16:06:40 raspberrypi smartcam-status[75072]: [2025-06-19 16:06:40] INFO: System status updated for user 65aa2e2a-e463-424d-b88f-0724bb0bea3a
Jun 19 16:06:42 raspberrypi smartcam[75070]: 2025-06-19 16:06:42,118 - INFO - HTTP Request: PATCH https://iszmsaayxpdrovealrrp.supabase.co/rest/v1/system_status?user_id=eq.65aa2e2a-e463-424d-b88f-0724bb0bea3a "HTTP/1.1 200 OK"
Jun 19 16:06:42 raspberrypi smartcam[75070]: [Heartbeat] Sent successfully
^C
michomanoly14892@raspberrypi:~/code/SmartCam-Soccer/backend $ 